[Mon Jan 26 14:05:26 EAT 2026] Starting Stream (Attempt 1)...
[in#0 @ 0x64601a69ffc0] Error opening input: Server returned 4XX Client Error, but not one of 40{0,1,3,4}
Error opening input file http://cf.live78.online/live/59ad8c73feb6/3c0ac8cfe4/36188.ts.
Error opening input files: Server returned 4XX Client Error, but not one of 40{0,1,3,4}
[Mon Jan 26 14:05:26 EAT 2026] Stream crashed (Exit: 8). Restarting...
[Mon Jan 26 14:05:31 EAT 2026] Starting Stream (Attempt 2)...
[in#0 @ 0x55e8ef967fc0] Error opening input: Server returned 4XX Client Error, but not one of 40{0,1,3,4}
Error opening input file http://cf.live78.online/live/59ad8c73feb6/3c0ac8cfe4/36188.ts.
Error opening input files: Server returned 4XX Client Error, but not one of 40{0,1,3,4}
[Mon Jan 26 14:05:31 EAT 2026] Stream crashed (Exit: 8). Restarting...
[Mon Jan 26 14:05:36 EAT 2026] Starting Stream (Attempt 3)...
[in#0 @ 0x58f398425fc0] Error opening input: Server returned 4XX Client Error, but not one of 40{0,1,3,4}
Error opening input file http://cf.live78.online/live/59ad8c73feb6/3c0ac8cfe4/36188.ts.
Error opening input files: Server returned 4XX Client Error, but not one of 40{0,1,3,4}
[Mon Jan 26 14:05:36 EAT 2026] Stream crashed (Exit: 8). Restarting...
[Mon Jan 26 14:05:41 EAT 2026] Starting Stream (Attempt 4)...
[in#0 @ 0x5d7297c8dfc0] Error opening input: Server returned 4XX Client Error, but not one of 40{0,1,3,4}
Error opening input file http://cf.live78.online/live/59ad8c73feb6/3c0ac8cfe4/36188.ts.
Error opening input files: Server returned 4XX Client Error, but not one of 40{0,1,3,4}
[Mon Jan 26 14:05:41 EAT 2026] Stream crashed (Exit: 8). Restarting...
[Mon Jan 26 14:05:46 EAT 2026] Starting Stream (Attempt 5)...
[in#0 @ 0x57d0f255afc0] Error opening input: Server returned 4XX Client Error, but not one of 40{0,1,3,4}
Error opening input file http://cf.live78.online/live/59ad8c73feb6/3c0ac8cfe4/36188.ts.
Error opening input files: Server returned 4XX Client Error, but not one of 40{0,1,3,4}
[Mon Jan 26 14:05:46 EAT 2026] Stream crashed (Exit: 8). Restarting...
[Mon Jan 26 14:05:51 EAT 2026] Starting Stream (Attempt 6)...
[in#0 @ 0x609d25f13fc0] Error opening input: Server returned 4XX Client Error, but not one of 40{0,1,3,4}
Error opening input file http://cf.live78.online/live/59ad8c73feb6/3c0ac8cfe4/36188.ts.
Error opening input files: Server returned 4XX Client Error, but not one of 40{0,1,3,4}
[Mon Jan 26 14:05:51 EAT 2026] Stream crashed (Exit: 8). Restarting...
[Mon Jan 26 14:05:56 EAT 2026] Starting Stream (Attempt 7)...
[in#0 @ 0x5da8bc5c0fc0] Error opening input: Server returned 4XX Client Error, but not one of 40{0,1,3,4}
Error opening input file http://cf.live78.online/live/59ad8c73feb6/3c0ac8cfe4/36188.ts.
Error opening input files: Server returned 4XX Client Error, but not one of 40{0,1,3,4}
[Mon Jan 26 14:05:57 EAT 2026] Stream crashed (Exit: 8). Restarting...
[Mon Jan 26 14:06:02 EAT 2026] Starting Stream (Attempt 8)...
[in#0 @ 0x5d4901574fc0] Error opening input: Server returned 4XX Client Error, but not one of 40{0,1,3,4}
Error opening input file http://cf.live78.online/live/59ad8c73feb6/3c0ac8cfe4/36188.ts.
Error opening input files: Server returned 4XX Client Error, but not one of 40{0,1,3,4}
[Mon Jan 26 14:06:03 EAT 2026] Stream crashed (Exit: 8). Restarting...
[Mon Jan 26 14:06:08 EAT 2026] Starting Stream (Attempt 9)...
[in#0 @ 0x629722599fc0] Error opening input: Server returned 4XX Client Error, but not one of 40{0,1,3,4}
Error opening input file http://cf.live78.online/live/59ad8c73feb6/3c0ac8cfe4/36188.ts.
Error opening input files: Server returned 4XX Client Error, but not one of 40{0,1,3,4}
[Mon Jan 26 14:06:08 EAT 2026] Stream crashed (Exit: 8). Restarting...
[Mon Jan 26 14:06:13 EAT 2026] Starting Stream (Attempt 10)...
[in#0 @ 0x5a609b4a9fc0] Error opening input: Server returned 4XX Client Error, but not one of 40{0,1,3,4}
Error opening input file http://cf.live78.online/live/59ad8c73feb6/3c0ac8cfe4/36188.ts.
Error opening input files: Server returned 4XX Client Error, but not one of 40{0,1,3,4}
[Mon Jan 26 14:06:13 EAT 2026] Stream crashed (Exit: 8). Restarting...
[Mon Jan 26 14:06:18 EAT 2026] Starting Stream (Attempt 11)...
[in#0 @ 0x6271bcb7dfc0] Error opening input: Server returned 4XX Client Error, but not one of 40{0,1,3,4}
Error opening input file http://cf.live78.online/live/59ad8c73feb6/3c0ac8cfe4/36188.ts.
Error opening input files: Server returned 4XX Client Error, but not one of 40{0,1,3,4}
[Mon Jan 26 14:06:18 EAT 2026] Stream crashed (Exit: 8). Restarting...
[Mon Jan 26 14:06:23 EAT 2026] Starting Stream (Attempt 12)...
[in#0 @ 0x5e5ed19d1fc0] Error opening input: Server returned 4XX Client Error, but not one of 40{0,1,3,4}
Error opening input file http://cf.live78.online/live/59ad8c73feb6/3c0ac8cfe4/36188.ts.
Error opening input files: Server returned 4XX Client Error, but not one of 40{0,1,3,4}
[Mon Jan 26 14:06:23 EAT 2026] Stream crashed (Exit: 8). Restarting...
[Mon Jan 26 14:06:28 EAT 2026] Starting Stream (Attempt 13)...
[in#0 @ 0x5909be04efc0] Error opening input: Server returned 4XX Client Error, but not one of 40{0,1,3,4}
Error opening input file http://cf.live78.online/live/59ad8c73feb6/3c0ac8cfe4/36188.ts.
Error opening input files: Server returned 4XX Client Error, but not one of 40{0,1,3,4}
[Mon Jan 26 14:06:28 EAT 2026] Stream crashed (Exit: 8). Restarting...
[Mon Jan 26 14:06:33 EAT 2026] Starting Stream (Attempt 14)...
[in#0 @ 0x5b322d831fc0] Error opening input: Server returned 4XX Client Error, but not one of 40{0,1,3,4}
Error opening input file http://cf.live78.online/live/59ad8c73feb6/3c0ac8cfe4/36188.ts.
Error opening input files: Server returned 4XX Client Error, but not one of 40{0,1,3,4}
[Mon Jan 26 14:06:33 EAT 2026] Stream crashed (Exit: 8). Restarting...
[Mon Jan 26 14:06:38 EAT 2026] Starting Stream (Attempt 15)...
[in#0 @ 0x627563e0dfc0] Error opening input: Server returned 4XX Client Error, but not one of 40{0,1,3,4}
Error opening input file http://cf.live78.online/live/59ad8c73feb6/3c0ac8cfe4/36188.ts.
Error opening input files: Server returned 4XX Client Error, but not one of 40{0,1,3,4}
[Mon Jan 26 14:06:39 EAT 2026] Stream crashed (Exit: 8). Restarting...
[Mon Jan 26 14:06:44 EAT 2026] Starting Stream (Attempt 16)...
[in#0 @ 0x64bc5965efc0] Error opening input: Server returned 4XX Client Error, but not one of 40{0,1,3,4}
Error opening input file http://cf.live78.online/live/59ad8c73feb6/3c0ac8cfe4/36188.ts.
Error opening input files: Server returned 4XX Client Error, but not one of 40{0,1,3,4}
[Mon Jan 26 14:06:44 EAT 2026] Stream crashed (Exit: 8). Restarting...
[Mon Jan 26 14:06:49 EAT 2026] Starting Stream (Attempt 17)...
[in#0 @ 0x5c05d7135fc0] Error opening input: Server returned 4XX Client Error, but not one of 40{0,1,3,4}
Error opening input file http://cf.live78.online/live/59ad8c73feb6/3c0ac8cfe4/36188.ts.
Error opening input files: Server returned 4XX Client Error, but not one of 40{0,1,3,4}
[Mon Jan 26 14:06:49 EAT 2026] Stream crashed (Exit: 8). Restarting...
[Mon Jan 26 14:06:54 EAT 2026] Starting Stream (Attempt 18)...
[in#0 @ 0x5cc11d689fc0] Error opening input: Server returned 4XX Client Error, but not one of 40{0,1,3,4}
Error opening input file http://cf.live78.online/live/59ad8c73feb6/3c0ac8cfe4/36188.ts.
Error opening input files: Server returned 4XX Client Error, but not one of 40{0,1,3,4}
[Mon Jan 26 14:06:54 EAT 2026] Stream crashed (Exit: 8). Restarting...
[Mon Jan 26 14:06:59 EAT 2026] Starting Stream (Attempt 19)...
[in#0 @ 0x57d97d5b3fc0] Error opening input: Server returned 4XX Client Error, but not one of 40{0,1,3,4}
Error opening input file http://cf.live78.online/live/59ad8c73feb6/3c0ac8cfe4/36188.ts.
Error opening input files: Server returned 4XX Client Error, but not one of 40{0,1,3,4}
[Mon Jan 26 14:06:59 EAT 2026] Stream crashed (Exit: 8). Restarting...
[Mon Jan 26 14:07:04 EAT 2026] Starting Stream (Attempt 20)...
[in#0 @ 0x64fe52d8efc0] Error opening input: Server returned 4XX Client Error, but not one of 40{0,1,3,4}
Error opening input file http://cf.live78.online/live/59ad8c73feb6/3c0ac8cfe4/36188.ts.
Error opening input files: Server returned 4XX Client Error, but not one of 40{0,1,3,4}
[Mon Jan 26 14:07:04 EAT 2026] Stream crashed (Exit: 8). Restarting...
[Mon Jan 26 14:07:09 EAT 2026] Starting Stream (Attempt 21)...
[in#0 @ 0x63ca110cafc0] Error opening input: Server returned 4XX Client Error, but not one of 40{0,1,3,4}
Error opening input file http://cf.live78.online/live/59ad8c73feb6/3c0ac8cfe4/36188.ts.
Error opening input files: Server returned 4XX Client Error, but not one of 40{0,1,3,4}
[Mon Jan 26 14:07:09 EAT 2026] Stream crashed (Exit: 8). Restarting...
[Mon Jan 26 14:07:14 EAT 2026] Starting Stream (Attempt 22)...
[in#0 @ 0x61e1a864ffc0] Error opening input: Server returned 4XX Client Error, but not one of 40{0,1,3,4}
Error opening input file http://cf.live78.online/live/59ad8c73feb6/3c0ac8cfe4/36188.ts.
Error opening input files: Server returned 4XX Client Error, but not one of 40{0,1,3,4}
[Mon Jan 26 14:07:15 EAT 2026] Stream crashed (Exit: 8). Restarting...
[Mon Jan 26 14:07:20 EAT 2026] Starting Stream (Attempt 23)...
[in#0 @ 0x618e7b2b7fc0] Error opening input: Server returned 4XX Client Error, but not one of 40{0,1,3,4}
Error opening input file http://cf.live78.online/live/59ad8c73feb6/3c0ac8cfe4/36188.ts.
Error opening input files: Server returned 4XX Client Error, but not one of 40{0,1,3,4}
[Mon Jan 26 14:07:20 EAT 2026] Stream crashed (Exit: 8). Restarting...
[Mon Jan 26 14:07:25 EAT 2026] Starting Stream (Attempt 24)...
[in#0 @ 0x6161777f7fc0] Error opening input: Server returned 4XX Client Error, but not one of 40{0,1,3,4}
Error opening input file http://cf.live78.online/live/59ad8c73feb6/3c0ac8cfe4/36188.ts.
Error opening input files: Server returned 4XX Client Error, but not one of 40{0,1,3,4}
[Mon Jan 26 14:07:25 EAT 2026] Stream crashed (Exit: 8). Restarting...
[Mon Jan 26 14:07:30 EAT 2026] Starting Stream (Attempt 25)...
[in#0 @ 0x5daa8d636fc0] Error opening input: Server returned 4XX Client Error, but not one of 40{0,1,3,4}
Error opening input file http://cf.live78.online/live/59ad8c73feb6/3c0ac8cfe4/36188.ts.
Error opening input files: Server returned 4XX Client Error, but not one of 40{0,1,3,4}
[Mon Jan 26 14:07:30 EAT 2026] Stream crashed (Exit: 8). Restarting...
[Mon Jan 26 14:07:35 EAT 2026] Starting Stream (Attempt 26)...
[in#0 @ 0x56bd73f7cfc0] Error opening input: Server returned 4XX Client Error, but not one of 40{0,1,3,4}
Error opening input file http://cf.live78.online/live/59ad8c73feb6/3c0ac8cfe4/36188.ts.
Error opening input files: Server returned 4XX Client Error, but not one of 40{0,1,3,4}
[Mon Jan 26 14:07:35 EAT 2026] Stream crashed (Exit: 8). Restarting...
[Mon Jan 26 14:07:40 EAT 2026] Starting Stream (Attempt 27)...
[in#0 @ 0x5923ad876fc0] Error opening input: Server returned 4XX Client Error, but not one of 40{0,1,3,4}
Error opening input file http://cf.live78.online/live/59ad8c73feb6/3c0ac8cfe4/36188.ts.
Error opening input files: Server returned 4XX Client Error, but not one of 40{0,1,3,4}
[Mon Jan 26 14:07:40 EAT 2026] Stream crashed (Exit: 8). Restarting...
[Mon Jan 26 14:07:45 EAT 2026] Starting Stream (Attempt 28)...
[in#0 @ 0x561def76bfc0] Error opening input: Server returned 4XX Client Error, but not one of 40{0,1,3,4}
Error opening input file http://cf.live78.online/live/59ad8c73feb6/3c0ac8cfe4/36188.ts.
Error opening input files: Server returned 4XX Client Error, but not one of 40{0,1,3,4}
[Mon Jan 26 14:07:45 EAT 2026] Stream crashed (Exit: 8). Restarting...
[Mon Jan 26 14:07:50 EAT 2026] Starting Stream (Attempt 29)...
[in#0 @ 0x5bc001b0cfc0] Error opening input: Server returned 4XX Client Error, but not one of 40{0,1,3,4}
Error opening input file http://cf.live78.online/live/59ad8c73feb6/3c0ac8cfe4/36188.ts.
Error opening input files: Server returned 4XX Client Error, but not one of 40{0,1,3,4}
[Mon Jan 26 14:07:50 EAT 2026] Stream crashed (Exit: 8). Restarting...
[Mon Jan 26 14:07:55 EAT 2026] Starting Stream (Attempt 30)...
[in#0 @ 0x5e05de910fc0] Error opening input: Server returned 4XX Client Error, but not one of 40{0,1,3,4}
Error opening input file http://cf.live78.online/live/59ad8c73feb6/3c0ac8cfe4/36188.ts.
Error opening input files: Server returned 4XX Client Error, but not one of 40{0,1,3,4}
[Mon Jan 26 14:07:55 EAT 2026] Stream crashed (Exit: 8). Restarting...
[Mon Jan 26 14:08:00 EAT 2026] Starting Stream (Attempt 31)...
[in#0 @ 0x5f7a2ab30fc0] Error opening input: Server returned 4XX Client Error, but not one of 40{0,1,3,4}
Error opening input file http://cf.live78.online/live/59ad8c73feb6/3c0ac8cfe4/36188.ts.
Error opening input files: Server returned 4XX Client Error, but not one of 40{0,1,3,4}
[Mon Jan 26 14:08:00 EAT 2026] Stream crashed (Exit: 8). Restarting...
[Mon Jan 26 14:08:05 EAT 2026] Starting Stream (Attempt 32)...
[in#0 @ 0x5f2a1c42dfc0] Error opening input: Server returned 4XX Client Error, but not one of 40{0,1,3,4}
Error opening input file http://cf.live78.online/live/59ad8c73feb6/3c0ac8cfe4/36188.ts.
Error opening input files: Server returned 4XX Client Error, but not one of 40{0,1,3,4}
[Mon Jan 26 14:08:06 EAT 2026] Stream crashed (Exit: 8). Restarting...
[Mon Jan 26 14:08:11 EAT 2026] Starting Stream (Attempt 33)...
[in#0 @ 0x58b3ec643fc0] Error opening input: Server returned 4XX Client Error, but not one of 40{0,1,3,4}
Error opening input file http://cf.live78.online/live/59ad8c73feb6/3c0ac8cfe4/36188.ts.
Error opening input files: Server returned 4XX Client Error, but not one of 40{0,1,3,4}
[Mon Jan 26 14:08:11 EAT 2026] Stream crashed (Exit: 8). Restarting...
[Mon Jan 26 14:08:16 EAT 2026] Starting Stream (Attempt 34)...
[in#0 @ 0x61e7e1960fc0] Error opening input: Server returned 4XX Client Error, but not one of 40{0,1,3,4}
Error opening input file http://cf.live78.online/live/59ad8c73feb6/3c0ac8cfe4/36188.ts.
Error opening input files: Server returned 4XX Client Error, but not one of 40{0,1,3,4}
[Mon Jan 26 14:08:16 EAT 2026] Stream crashed (Exit: 8). Restarting...
[Mon Jan 26 14:08:21 EAT 2026] Starting Stream (Attempt 35)...
[in#0 @ 0x587a668a2fc0] Error opening input: Server returned 4XX Client Error, but not one of 40{0,1,3,4}
Error opening input file http://cf.live78.online/live/59ad8c73feb6/3c0ac8cfe4/36188.ts.
Error opening input files: Server returned 4XX Client Error, but not one of 40{0,1,3,4}
[Mon Jan 26 14:08:21 EAT 2026] Stream crashed (Exit: 8). Restarting...
[Mon Jan 26 14:08:26 EAT 2026] Starting Stream (Attempt 36)...
[in#0 @ 0x5c027ee6dfc0] Error opening input: Server returned 4XX Client Error, but not one of 40{0,1,3,4}
Error opening input file http://cf.live78.online/live/59ad8c73feb6/3c0ac8cfe4/36188.ts.
Error opening input files: Server returned 4XX Client Error, but not one of 40{0,1,3,4}
[Mon Jan 26 14:08:26 EAT 2026] Stream crashed (Exit: 8). Restarting...
[Mon Jan 26 14:08:31 EAT 2026] Starting Stream (Attempt 37)...
[in#0 @ 0x59cc6acbcfc0] Error opening input: Server returned 4XX Client Error, but not one of 40{0,1,3,4}
Error opening input file http://cf.live78.online/live/59ad8c73feb6/3c0ac8cfe4/36188.ts.
Error opening input files: Server returned 4XX Client Error, but not one of 40{0,1,3,4}
[Mon Jan 26 14:08:31 EAT 2026] Stream crashed (Exit: 8). Restarting...
[Mon Jan 26 14:08:36 EAT 2026] Starting Stream (Attempt 38)...
[in#0 @ 0x5f1932d3afc0] Error opening input: Server returned 4XX Client Error, but not one of 40{0,1,3,4}
Error opening input file http://cf.live78.online/live/59ad8c73feb6/3c0ac8cfe4/36188.ts.
Error opening input files: Server returned 4XX Client Error, but not one of 40{0,1,3,4}
[Mon Jan 26 14:08:36 EAT 2026] Stream crashed (Exit: 8). Restarting...
[Mon Jan 26 14:08:41 EAT 2026] Starting Stream (Attempt 39)...
[in#0 @ 0x5f0ceec8ffc0] Error opening input: Server returned 4XX Client Error, but not one of 40{0,1,3,4}
Error opening input file http://cf.live78.online/live/59ad8c73feb6/3c0ac8cfe4/36188.ts.
Error opening input files: Server returned 4XX Client Error, but not one of 40{0,1,3,4}
[Mon Jan 26 14:08:41 EAT 2026] Stream crashed (Exit: 8). Restarting...
[Mon Jan 26 14:08:46 EAT 2026] Starting Stream (Attempt 40)...
[in#0 @ 0x60de78e07fc0] Error opening input: Server returned 4XX Client Error, but not one of 40{0,1,3,4}
Error opening input file http://cf.live78.online/live/59ad8c73feb6/3c0ac8cfe4/36188.ts.
Error opening input files: Server returned 4XX Client Error, but not one of 40{0,1,3,4}
[Mon Jan 26 14:08:47 EAT 2026] Stream crashed (Exit: 8). Restarting...
[Mon Jan 26 14:08:52 EAT 2026] Starting Stream (Attempt 41)...
[in#0 @ 0x56fb4f739fc0] Error opening input: Server returned 4XX Client Error, but not one of 40{0,1,3,4}
Error opening input file http://cf.live78.online/live/59ad8c73feb6/3c0ac8cfe4/36188.ts.
Error opening input files: Server returned 4XX Client Error, but not one of 40{0,1,3,4}
[Mon Jan 26 14:08:52 EAT 2026] Stream crashed (Exit: 8). Restarting...
[Mon Jan 26 14:08:57 EAT 2026] Starting Stream (Attempt 42)...
[in#0 @ 0x56bd636e4fc0] Error opening input: Server returned 4XX Client Error, but not one of 40{0,1,3,4}
Error opening input file http://cf.live78.online/live/59ad8c73feb6/3c0ac8cfe4/36188.ts.
Error opening input files: Server returned 4XX Client Error, but not one of 40{0,1,3,4}
[Mon Jan 26 14:08:57 EAT 2026] Stream crashed (Exit: 8). Restarting...
[Mon Jan 26 14:09:02 EAT 2026] Starting Stream (Attempt 43)...
[in#0 @ 0x5d1e96f54fc0] Error opening input: Server returned 4XX Client Error, but not one of 40{0,1,3,4}
Error opening input file http://cf.live78.online/live/59ad8c73feb6/3c0ac8cfe4/36188.ts.
Error opening input files: Server returned 4XX Client Error, but not one of 40{0,1,3,4}
[Mon Jan 26 14:09:03 EAT 2026] Stream crashed (Exit: 8). Restarting...
[Mon Jan 26 14:09:08 EAT 2026] Starting Stream (Attempt 44)...
[in#0 @ 0x593581657fc0] Error opening input: Server returned 4XX Client Error, but not one of 40{0,1,3,4}
Error opening input file http://cf.live78.online/live/59ad8c73feb6/3c0ac8cfe4/36188.ts.
Error opening input files: Server returned 4XX Client Error, but not one of 40{0,1,3,4}
[Mon Jan 26 14:09:08 EAT 2026] Stream crashed (Exit: 8). Restarting...
[Mon Jan 26 14:09:13 EAT 2026] Starting Stream (Attempt 45)...
[in#0 @ 0x582898c16fc0] Error opening input: Server returned 4XX Client Error, but not one of 40{0,1,3,4}
Error opening input file http://cf.live78.online/live/59ad8c73feb6/3c0ac8cfe4/36188.ts.
Error opening input files: Server returned 4XX Client Error, but not one of 40{0,1,3,4}
[Mon Jan 26 14:09:13 EAT 2026] Stream crashed (Exit: 8). Restarting...
[Mon Jan 26 14:09:18 EAT 2026] Starting Stream (Attempt 46)...
[in#0 @ 0x57a707eb0fc0] Error opening input: Server returned 4XX Client Error, but not one of 40{0,1,3,4}
Error opening input file http://cf.live78.online/live/59ad8c73feb6/3c0ac8cfe4/36188.ts.
Error opening input files: Server returned 4XX Client Error, but not one of 40{0,1,3,4}
[Mon Jan 26 14:09:18 EAT 2026] Stream crashed (Exit: 8). Restarting...
[Mon Jan 26 14:09:23 EAT 2026] Starting Stream (Attempt 47)...
[in#0 @ 0x555751091fc0] Error opening input: Server returned 4XX Client Error, but not one of 40{0,1,3,4}
Error opening input file http://cf.live78.online/live/59ad8c73feb6/3c0ac8cfe4/36188.ts.
Error opening input files: Server returned 4XX Client Error, but not one of 40{0,1,3,4}
[Mon Jan 26 14:09:23 EAT 2026] Stream crashed (Exit: 8). Restarting...
[Mon Jan 26 14:09:28 EAT 2026] Starting Stream (Attempt 48)...
[in#0 @ 0x5c42b61a8fc0] Error opening input: Server returned 4XX Client Error, but not one of 40{0,1,3,4}
Error opening input file http://cf.live78.online/live/59ad8c73feb6/3c0ac8cfe4/36188.ts.
Error opening input files: Server returned 4XX Client Error, but not one of 40{0,1,3,4}
[Mon Jan 26 14:09:29 EAT 2026] Stream crashed (Exit: 8). Restarting...
[Mon Jan 26 14:09:34 EAT 2026] Starting Stream (Attempt 49)...
[in#0 @ 0x5b219aad5fc0] Error opening input: Server returned 4XX Client Error, but not one of 40{0,1,3,4}
Error opening input file http://cf.live78.online/live/59ad8c73feb6/3c0ac8cfe4/36188.ts.
Error opening input files: Server returned 4XX Client Error, but not one of 40{0,1,3,4}
[Mon Jan 26 14:09:34 EAT 2026] Stream crashed (Exit: 8). Restarting...
[Mon Jan 26 14:09:39 EAT 2026] Starting Stream (Attempt 50)...
[in#0 @ 0x64a58f7e6fc0] Error opening input: Server returned 4XX Client Error, but not one of 40{0,1,3,4}
Error opening input file http://cf.live78.online/live/59ad8c73feb6/3c0ac8cfe4/36188.ts.
Error opening input files: Server returned 4XX Client Error, but not one of 40{0,1,3,4}
[Mon Jan 26 14:09:39 EAT 2026] Stream crashed (Exit: 8). Restarting...
[Mon Jan 26 14:09:44 EAT 2026] Starting Stream (Attempt 51)...
[in#0 @ 0x5fcbc1642fc0] Error opening input: Server returned 4XX Client Error, but not one of 40{0,1,3,4}
Error opening input file http://cf.live78.online/live/59ad8c73feb6/3c0ac8cfe4/36188.ts.
Error opening input files: Server returned 4XX Client Error, but not one of 40{0,1,3,4}
[Mon Jan 26 14:09:44 EAT 2026] Stream crashed (Exit: 8). Restarting...
[Mon Jan 26 14:09:49 EAT 2026] Starting Stream (Attempt 52)...
[in#0 @ 0x60f48ac8dfc0] Error opening input: Server returned 4XX Client Error, but not one of 40{0,1,3,4}
Error opening input file http://cf.live78.online/live/59ad8c73feb6/3c0ac8cfe4/36188.ts.
Error opening input files: Server returned 4XX Client Error, but not one of 40{0,1,3,4}
[Mon Jan 26 14:09:49 EAT 2026] Stream crashed (Exit: 8). Restarting...
[Mon Jan 26 14:09:54 EAT 2026] Starting Stream (Attempt 53)...
[in#0 @ 0x63a54a212fc0] Error opening input: Server returned 4XX Client Error, but not one of 40{0,1,3,4}
Error opening input file http://cf.live78.online/live/59ad8c73feb6/3c0ac8cfe4/36188.ts.
Error opening input files: Server returned 4XX Client Error, but not one of 40{0,1,3,4}
[Mon Jan 26 14:09:54 EAT 2026] Stream crashed (Exit: 8). Restarting...
[Mon Jan 26 14:09:59 EAT 2026] Starting Stream (Attempt 54)...
[in#0 @ 0x5b3874d55fc0] Error opening input: Server returned 4XX Client Error, but not one of 40{0,1,3,4}
Error opening input file http://cf.live78.online/live/59ad8c73feb6/3c0ac8cfe4/36188.ts.
Error opening input files: Server returned 4XX Client Error, but not one of 40{0,1,3,4}
[Mon Jan 26 14:09:59 EAT 2026] Stream crashed (Exit: 8). Restarting...
[Mon Jan 26 14:10:04 EAT 2026] Starting Stream (Attempt 55)...
[in#0 @ 0x57ab8ed56fc0] Error opening input: Server returned 4XX Client Error, but not one of 40{0,1,3,4}
Error opening input file http://cf.live78.online/live/59ad8c73feb6/3c0ac8cfe4/36188.ts.
Error opening input files: Server returned 4XX Client Error, but not one of 40{0,1,3,4}
[Mon Jan 26 14:10:05 EAT 2026] Stream crashed (Exit: 8). Restarting...
[Mon Jan 26 14:10:10 EAT 2026] Starting Stream (Attempt 56)...
[in#0 @ 0x5ce8f0375fc0] Error opening input: Server returned 4XX Client Error, but not one of 40{0,1,3,4}
Error opening input file http://cf.live78.online/live/59ad8c73feb6/3c0ac8cfe4/36188.ts.
Error opening input files: Server returned 4XX Client Error, but not one of 40{0,1,3,4}
[Mon Jan 26 14:10:10 EAT 2026] Stream crashed (Exit: 8). Restarting...
[Mon Jan 26 14:10:15 EAT 2026] Starting Stream (Attempt 57)...
[in#0 @ 0x5e75b8915fc0] Error opening input: Server returned 4XX Client Error, but not one of 40{0,1,3,4}
Error opening input file http://cf.live78.online/live/59ad8c73feb6/3c0ac8cfe4/36188.ts.
Error opening input files: Server returned 4XX Client Error, but not one of 40{0,1,3,4}
[Mon Jan 26 14:10:15 EAT 2026] Stream crashed (Exit: 8). Restarting...
[Mon Jan 26 14:10:20 EAT 2026] Starting Stream (Attempt 58)...
[in#0 @ 0x62022f1a6fc0] Error opening input: Server returned 4XX Client Error, but not one of 40{0,1,3,4}
Error opening input file http://cf.live78.online/live/59ad8c73feb6/3c0ac8cfe4/36188.ts.
Error opening input files: Server returned 4XX Client Error, but not one of 40{0,1,3,4}
[Mon Jan 26 14:10:20 EAT 2026] Stream crashed (Exit: 8). Restarting...
[Mon Jan 26 14:10:25 EAT 2026] Starting Stream (Attempt 59)...
[in#0 @ 0x563b30c75fc0] Error opening input: Server returned 4XX Client Error, but not one of 40{0,1,3,4}
Error opening input file http://cf.live78.online/live/59ad8c73feb6/3c0ac8cfe4/36188.ts.
Error opening input files: Server returned 4XX Client Error, but not one of 40{0,1,3,4}
[Mon Jan 26 14:10:25 EAT 2026] Stream crashed (Exit: 8). Restarting...
[Mon Jan 26 14:10:30 EAT 2026] Starting Stream (Attempt 60)...
[in#0 @ 0x5e3290b48fc0] Error opening input: Server returned 4XX Client Error, but not one of 40{0,1,3,4}
Error opening input file http://cf.live78.online/live/59ad8c73feb6/3c0ac8cfe4/36188.ts.
Error opening input files: Server returned 4XX Client Error, but not one of 40{0,1,3,4}
[Mon Jan 26 14:10:30 EAT 2026] Stream crashed (Exit: 8). Restarting...
[Mon Jan 26 14:10:35 EAT 2026] Starting Stream (Attempt 61)...
[in#0 @ 0x596576df9fc0] Error opening input: Server returned 4XX Client Error, but not one of 40{0,1,3,4}
Error opening input file http://cf.live78.online/live/59ad8c73feb6/3c0ac8cfe4/36188.ts.
Error opening input files: Server returned 4XX Client Error, but not one of 40{0,1,3,4}
[Mon Jan 26 14:10:35 EAT 2026] Stream crashed (Exit: 8). Restarting...
[Mon Jan 26 14:10:40 EAT 2026] Starting Stream (Attempt 62)...
[in#0 @ 0x6395ddb39fc0] Error opening input: Server returned 4XX Client Error, but not one of 40{0,1,3,4}
Error opening input file http://cf.live78.online/live/59ad8c73feb6/3c0ac8cfe4/36188.ts.
Error opening input files: Server returned 4XX Client Error, but not one of 40{0,1,3,4}
[Mon Jan 26 14:10:40 EAT 2026] Stream crashed (Exit: 8). Restarting...
[Mon Jan 26 14:10:45 EAT 2026] Starting Stream (Attempt 63)...
[in#0 @ 0x5e93b25a8fc0] Error opening input: Server returned 4XX Client Error, but not one of 40{0,1,3,4}
Error opening input file http://cf.live78.online/live/59ad8c73feb6/3c0ac8cfe4/36188.ts.
Error opening input files: Server returned 4XX Client Error, but not one of 40{0,1,3,4}
[Mon Jan 26 14:10:45 EAT 2026] Stream crashed (Exit: 8). Restarting...
[Mon Jan 26 14:10:50 EAT 2026] Starting Stream (Attempt 64)...
[in#0 @ 0x591ca1590fc0] Error opening input: Server returned 4XX Client Error, but not one of 40{0,1,3,4}
Error opening input file http://cf.live78.online/live/59ad8c73feb6/3c0ac8cfe4/36188.ts.
Error opening input files: Server returned 4XX Client Error, but not one of 40{0,1,3,4}
[Mon Jan 26 14:10:51 EAT 2026] Stream crashed (Exit: 8). Restarting...
[Mon Jan 26 14:10:56 EAT 2026] Starting Stream (Attempt 65)...
[in#0 @ 0x62bc58297fc0] Error opening input: Server returned 4XX Client Error, but not one of 40{0,1,3,4}
Error opening input file http://cf.live78.online/live/59ad8c73feb6/3c0ac8cfe4/36188.ts.
Error opening input files: Server returned 4XX Client Error, but not one of 40{0,1,3,4}
[Mon Jan 26 14:10:56 EAT 2026] Stream crashed (Exit: 8). Restarting...
[Mon Jan 26 14:11:01 EAT 2026] Starting Stream (Attempt 66)...
[in#0 @ 0x56446544dfc0] Error opening input: Server returned 4XX Client Error, but not one of 40{0,1,3,4}
Error opening input file http://cf.live78.online/live/59ad8c73feb6/3c0ac8cfe4/36188.ts.
Error opening input files: Server returned 4XX Client Error, but not one of 40{0,1,3,4}
[Mon Jan 26 14:11:01 EAT 2026] Stream crashed (Exit: 8). Restarting...
[Mon Jan 26 14:11:06 EAT 2026] Starting Stream (Attempt 67)...
[in#0 @ 0x5e9cb7e05fc0] Error opening input: Server returned 4XX Client Error, but not one of 40{0,1,3,4}
Error opening input file http://cf.live78.online/live/59ad8c73feb6/3c0ac8cfe4/36188.ts.
Error opening input files: Server returned 4XX Client Error, but not one of 40{0,1,3,4}
[Mon Jan 26 14:11:06 EAT 2026] Stream crashed (Exit: 8). Restarting...
[Mon Jan 26 14:11:11 EAT 2026] Starting Stream (Attempt 68)...
[in#0 @ 0x5f1e72aa0fc0] Error opening input: Server returned 4XX Client Error, but not one of 40{0,1,3,4}
Error opening input file http://cf.live78.online/live/59ad8c73feb6/3c0ac8cfe4/36188.ts.
Error opening input files: Server returned 4XX Client Error, but not one of 40{0,1,3,4}
[Mon Jan 26 14:11:11 EAT 2026] Stream crashed (Exit: 8). Restarting...
[Mon Jan 26 14:11:16 EAT 2026] Starting Stream (Attempt 69)...
[in#0 @ 0x60f27bc8ffc0] Error opening input: Server returned 4XX Client Error, but not one of 40{0,1,3,4}
Error opening input file http://cf.live78.online/live/59ad8c73feb6/3c0ac8cfe4/36188.ts.
Error opening input files: Server returned 4XX Client Error, but not one of 40{0,1,3,4}
[Mon Jan 26 14:11:16 EAT 2026] Stream crashed (Exit: 8). Restarting...
[Mon Jan 26 14:11:21 EAT 2026] Starting Stream (Attempt 70)...
[in#0 @ 0x592845cf9fc0] Error opening input: Server returned 4XX Client Error, but not one of 40{0,1,3,4}
Error opening input file http://cf.live78.online/live/59ad8c73feb6/3c0ac8cfe4/36188.ts.
Error opening input files: Server returned 4XX Client Error, but not one of 40{0,1,3,4}
[Mon Jan 26 14:11:21 EAT 2026] Stream crashed (Exit: 8). Restarting...
[Mon Jan 26 14:11:26 EAT 2026] Starting Stream (Attempt 71)...
[in#0 @ 0x56bf693a3fc0] Error opening input: Server returned 4XX Client Error, but not one of 40{0,1,3,4}
Error opening input file http://cf.live78.online/live/59ad8c73feb6/3c0ac8cfe4/36188.ts.
Error opening input files: Server returned 4XX Client Error, but not one of 40{0,1,3,4}
[Mon Jan 26 14:11:26 EAT 2026] Stream crashed (Exit: 8). Restarting...
[Mon Jan 26 14:11:31 EAT 2026] Starting Stream (Attempt 72)...
[in#0 @ 0x62d63c255fc0] Error opening input: Server returned 4XX Client Error, but not one of 40{0,1,3,4}
Error opening input file http://cf.live78.online/live/59ad8c73feb6/3c0ac8cfe4/36188.ts.
Error opening input files: Server returned 4XX Client Error, but not one of 40{0,1,3,4}
[Mon Jan 26 14:11:31 EAT 2026] Stream crashed (Exit: 8). Restarting...
[Mon Jan 26 14:11:36 EAT 2026] Starting Stream (Attempt 73)...
[in#0 @ 0x5f9868a2dfc0] Error opening input: Server returned 4XX Client Error, but not one of 40{0,1,3,4}
Error opening input file http://cf.live78.online/live/59ad8c73feb6/3c0ac8cfe4/36188.ts.
Error opening input files: Server returned 4XX Client Error, but not one of 40{0,1,3,4}
[Mon Jan 26 14:11:37 EAT 2026] Stream crashed (Exit: 8). Restarting...
[Mon Jan 26 14:11:42 EAT 2026] Starting Stream (Attempt 74)...
[in#0 @ 0x578c8cd85fc0] Error opening input: Server returned 4XX Client Error, but not one of 40{0,1,3,4}
Error opening input file http://cf.live78.online/live/59ad8c73feb6/3c0ac8cfe4/36188.ts.
Error opening input files: Server returned 4XX Client Error, but not one of 40{0,1,3,4}
[Mon Jan 26 14:11:42 EAT 2026] Stream crashed (Exit: 8). Restarting...
[Mon Jan 26 14:11:47 EAT 2026] Starting Stream (Attempt 75)...
[in#0 @ 0x61e1a0754fc0] Error opening input: Server returned 4XX Client Error, but not one of 40{0,1,3,4}
Error opening input file http://cf.live78.online/live/59ad8c73feb6/3c0ac8cfe4/36188.ts.
Error opening input files: Server returned 4XX Client Error, but not one of 40{0,1,3,4}
[Mon Jan 26 14:11:47 EAT 2026] Stream crashed (Exit: 8). Restarting...
[Mon Jan 26 14:11:52 EAT 2026] Starting Stream (Attempt 76)...
[in#0 @ 0x5a7de8255fc0] Error opening input: Server returned 4XX Client Error, but not one of 40{0,1,3,4}
Error opening input file http://cf.live78.online/live/59ad8c73feb6/3c0ac8cfe4/36188.ts.
Error opening input files: Server returned 4XX Client Error, but not one of 40{0,1,3,4}
[Mon Jan 26 14:11:52 EAT 2026] Stream crashed (Exit: 8). Restarting...
[Mon Jan 26 14:11:57 EAT 2026] Starting Stream (Attempt 77)...
[in#0 @ 0x58b309dccfc0] Error opening input: Server returned 4XX Client Error, but not one of 40{0,1,3,4}
Error opening input file http://cf.live78.online/live/59ad8c73feb6/3c0ac8cfe4/36188.ts.
Error opening input files: Server returned 4XX Client Error, but not one of 40{0,1,3,4}
[Mon Jan 26 14:11:57 EAT 2026] Stream crashed (Exit: 8). Restarting...
[Mon Jan 26 14:12:02 EAT 2026] Starting Stream (Attempt 78)...
[in#0 @ 0x59a81ab7efc0] Error opening input: Server returned 4XX Client Error, but not one of 40{0,1,3,4}
Error opening input file http://cf.live78.online/live/59ad8c73feb6/3c0ac8cfe4/36188.ts.
Error opening input files: Server returned 4XX Client Error, but not one of 40{0,1,3,4}
[Mon Jan 26 14:12:03 EAT 2026] Stream crashed (Exit: 8). Restarting...
[Mon Jan 26 14:12:08 EAT 2026] Starting Stream (Attempt 79)...
[in#0 @ 0x5eefb6a96fc0] Error opening input: Server returned 4XX Client Error, but not one of 40{0,1,3,4}
Error opening input file http://cf.live78.online/live/59ad8c73feb6/3c0ac8cfe4/36188.ts.
Error opening input files: Server returned 4XX Client Error, but not one of 40{0,1,3,4}
[Mon Jan 26 14:12:08 EAT 2026] Stream crashed (Exit: 8). Restarting...
[Mon Jan 26 14:12:13 EAT 2026] Starting Stream (Attempt 80)...
[in#0 @ 0x60bae9d3afc0] Error opening input: Server returned 4XX Client Error, but not one of 40{0,1,3,4}
Error opening input file http://cf.live78.online/live/59ad8c73feb6/3c0ac8cfe4/36188.ts.
Error opening input files: Server returned 4XX Client Error, but not one of 40{0,1,3,4}
[Mon Jan 26 14:12:13 EAT 2026] Stream crashed (Exit: 8). Restarting...
[Mon Jan 26 14:12:18 EAT 2026] Starting Stream (Attempt 81)...
[in#0 @ 0x63b18016afc0] Error opening input: Server returned 4XX Client Error, but not one of 40{0,1,3,4}
Error opening input file http://cf.live78.online/live/59ad8c73feb6/3c0ac8cfe4/36188.ts.
Error opening input files: Server returned 4XX Client Error, but not one of 40{0,1,3,4}
[Mon Jan 26 14:12:18 EAT 2026] Stream crashed (Exit: 8). Restarting...
[Mon Jan 26 14:12:23 EAT 2026] Starting Stream (Attempt 82)...
[in#0 @ 0x6371f4664fc0] Error opening input: Server returned 4XX Client Error, but not one of 40{0,1,3,4}
Error opening input file http://cf.live78.online/live/59ad8c73feb6/3c0ac8cfe4/36188.ts.
Error opening input files: Server returned 4XX Client Error, but not one of 40{0,1,3,4}
[Mon Jan 26 14:12:23 EAT 2026] Stream crashed (Exit: 8). Restarting...
[Mon Jan 26 14:12:28 EAT 2026] Starting Stream (Attempt 83)...
[in#0 @ 0x579672985fc0] Error opening input: Server returned 4XX Client Error, but not one of 40{0,1,3,4}
Error opening input file http://cf.live78.online/live/59ad8c73feb6/3c0ac8cfe4/36188.ts.
Error opening input files: Server returned 4XX Client Error, but not one of 40{0,1,3,4}
[Mon Jan 26 14:12:28 EAT 2026] Stream crashed (Exit: 8). Restarting...
[Mon Jan 26 14:12:33 EAT 2026] Starting Stream (Attempt 84)...
[in#0 @ 0x5dd7de735fc0] Error opening input: Server returned 4XX Client Error, but not one of 40{0,1,3,4}
Error opening input file http://cf.live78.online/live/59ad8c73feb6/3c0ac8cfe4/36188.ts.
Error opening input files: Server returned 4XX Client Error, but not one of 40{0,1,3,4}
[Mon Jan 26 14:12:33 EAT 2026] Stream crashed (Exit: 8). Restarting...
[Mon Jan 26 14:12:38 EAT 2026] Starting Stream (Attempt 85)...
[in#0 @ 0x57c31fb2cfc0] Error opening input: Server returned 4XX Client Error, but not one of 40{0,1,3,4}
Error opening input file http://cf.live78.online/live/59ad8c73feb6/3c0ac8cfe4/36188.ts.
Error opening input files: Server returned 4XX Client Error, but not one of 40{0,1,3,4}
[Mon Jan 26 14:12:38 EAT 2026] Stream crashed (Exit: 8). Restarting...
[Mon Jan 26 14:12:43 EAT 2026] Starting Stream (Attempt 86)...
[in#0 @ 0x63c1153e7fc0] Error opening input: Server returned 4XX Client Error, but not one of 40{0,1,3,4}
Error opening input file http://cf.live78.online/live/59ad8c73feb6/3c0ac8cfe4/36188.ts.
Error opening input files: Server returned 4XX Client Error, but not one of 40{0,1,3,4}
[Mon Jan 26 14:12:43 EAT 2026] Stream crashed (Exit: 8). Restarting...
[Mon Jan 26 14:12:48 EAT 2026] Starting Stream (Attempt 87)...
[in#0 @ 0x5a11775affc0] Error opening input: Server returned 4XX Client Error, but not one of 40{0,1,3,4}
Error opening input file http://cf.live78.online/live/59ad8c73feb6/3c0ac8cfe4/36188.ts.
Error opening input files: Server returned 4XX Client Error, but not one of 40{0,1,3,4}
[Mon Jan 26 14:12:48 EAT 2026] Stream crashed (Exit: 8). Restarting...
[Mon Jan 26 14:12:53 EAT 2026] Starting Stream (Attempt 88)...
[in#0 @ 0x60b4e9b44fc0] Error opening input: Server returned 4XX Client Error, but not one of 40{0,1,3,4}
Error opening input file http://cf.live78.online/live/59ad8c73feb6/3c0ac8cfe4/36188.ts.
Error opening input files: Server returned 4XX Client Error, but not one of 40{0,1,3,4}
[Mon Jan 26 14:12:54 EAT 2026] Stream crashed (Exit: 8). Restarting...
[Mon Jan 26 14:12:59 EAT 2026] Starting Stream (Attempt 89)...
[in#0 @ 0x5f0df597bfc0] Error opening input: Server returned 4XX Client Error, but not one of 40{0,1,3,4}
Error opening input file http://cf.live78.online/live/59ad8c73feb6/3c0ac8cfe4/36188.ts.
Error opening input files: Server returned 4XX Client Error, but not one of 40{0,1,3,4}
[Mon Jan 26 14:12:59 EAT 2026] Stream crashed (Exit: 8). Restarting...
[Mon Jan 26 14:13:04 EAT 2026] Starting Stream (Attempt 90)...
[in#0 @ 0x576f9726cfc0] Error opening input: Server returned 4XX Client Error, but not one of 40{0,1,3,4}
Error opening input file http://cf.live78.online/live/59ad8c73feb6/3c0ac8cfe4/36188.ts.
Error opening input files: Server returned 4XX Client Error, but not one of 40{0,1,3,4}
[Mon Jan 26 14:13:04 EAT 2026] Stream crashed (Exit: 8). Restarting...
[Mon Jan 26 14:13:09 EAT 2026] Starting Stream (Attempt 91)...
[in#0 @ 0x61c732becfc0] Error opening input: Server returned 4XX Client Error, but not one of 40{0,1,3,4}
Error opening input file http://cf.live78.online/live/59ad8c73feb6/3c0ac8cfe4/36188.ts.
Error opening input files: Server returned 4XX Client Error, but not one of 40{0,1,3,4}
[Mon Jan 26 14:13:09 EAT 2026] Stream crashed (Exit: 8). Restarting...
[Mon Jan 26 14:13:14 EAT 2026] Starting Stream (Attempt 92)...
[in#0 @ 0x612cf49b3fc0] Error opening input: Server returned 4XX Client Error, but not one of 40{0,1,3,4}
Error opening input file http://cf.live78.online/live/59ad8c73feb6/3c0ac8cfe4/36188.ts.
Error opening input files: Server returned 4XX Client Error, but not one of 40{0,1,3,4}
[Mon Jan 26 14:13:14 EAT 2026] Stream crashed (Exit: 8). Restarting...
[Mon Jan 26 14:13:19 EAT 2026] Starting Stream (Attempt 93)...
[in#0 @ 0x573098db4fc0] Error opening input: Server returned 4XX Client Error, but not one of 40{0,1,3,4}
Error opening input file http://cf.live78.online/live/59ad8c73feb6/3c0ac8cfe4/36188.ts.
Error opening input files: Server returned 4XX Client Error, but not one of 40{0,1,3,4}
[Mon Jan 26 14:13:19 EAT 2026] Stream crashed (Exit: 8). Restarting...
[Mon Jan 26 14:13:24 EAT 2026] Starting Stream (Attempt 94)...
[in#0 @ 0x5e0f88a6dfc0] Error opening input: Server returned 4XX Client Error, but not one of 40{0,1,3,4}
Error opening input file http://cf.live78.online/live/59ad8c73feb6/3c0ac8cfe4/36188.ts.
Error opening input files: Server returned 4XX Client Error, but not one of 40{0,1,3,4}
[Mon Jan 26 14:13:24 EAT 2026] Stream crashed (Exit: 8). Restarting...
[Mon Jan 26 14:13:29 EAT 2026] Starting Stream (Attempt 95)...
[in#0 @ 0x62bf98345fc0] Error opening input: Server returned 4XX Client Error, but not one of 40{0,1,3,4}
Error opening input file http://cf.live78.online/live/59ad8c73feb6/3c0ac8cfe4/36188.ts.
Error opening input files: Server returned 4XX Client Error, but not one of 40{0,1,3,4}
[Mon Jan 26 14:13:29 EAT 2026] Stream crashed (Exit: 8). Restarting...
[Mon Jan 26 14:13:34 EAT 2026] Starting Stream (Attempt 96)...
[in#0 @ 0x5c443e80cfc0] Error opening input: Server returned 4XX Client Error, but not one of 40{0,1,3,4}
Error opening input file http://cf.live78.online/live/59ad8c73feb6/3c0ac8cfe4/36188.ts.
Error opening input files: Server returned 4XX Client Error, but not one of 40{0,1,3,4}
[Mon Jan 26 14:13:34 EAT 2026] Stream crashed (Exit: 8). Restarting...
[Mon Jan 26 14:13:39 EAT 2026] Starting Stream (Attempt 97)...
[in#0 @ 0x5826b0c29fc0] Error opening input: Server returned 4XX Client Error, but not one of 40{0,1,3,4}
Error opening input file http://cf.live78.online/live/59ad8c73feb6/3c0ac8cfe4/36188.ts.
Error opening input files: Server returned 4XX Client Error, but not one of 40{0,1,3,4}
[Mon Jan 26 14:13:39 EAT 2026] Stream crashed (Exit: 8). Restarting...
[Mon Jan 26 14:13:44 EAT 2026] Starting Stream (Attempt 98)...
[in#0 @ 0x64cc4a6f9fc0] Error opening input: Server returned 4XX Client Error, but not one of 40{0,1,3,4}
Error opening input file http://cf.live78.online/live/59ad8c73feb6/3c0ac8cfe4/36188.ts.
Error opening input files: Server returned 4XX Client Error, but not one of 40{0,1,3,4}
[Mon Jan 26 14:13:45 EAT 2026] Stream crashed (Exit: 8). Restarting...
[Mon Jan 26 14:13:50 EAT 2026] Starting Stream (Attempt 99)...
[in#0 @ 0x5c4c38ac8fc0] Error opening input: Server returned 4XX Client Error, but not one of 40{0,1,3,4}
Error opening input file http://cf.live78.online/live/59ad8c73feb6/3c0ac8cfe4/36188.ts.
Error opening input files: Server returned 4XX Client Error, but not one of 40{0,1,3,4}
[Mon Jan 26 14:13:50 EAT 2026] Stream crashed (Exit: 8). Restarting...
[Mon Jan 26 14:13:55 EAT 2026] Starting Stream (Attempt 100)...
[in#0 @ 0x57627b841fc0] Error opening input: Server returned 4XX Client Error, but not one of 40{0,1,3,4}
Error opening input file http://cf.live78.online/live/59ad8c73feb6/3c0ac8cfe4/36188.ts.
Error opening input files: Server returned 4XX Client Error, but not one of 40{0,1,3,4}
[Mon Jan 26 14:13:55 EAT 2026] Stream crashed (Exit: 8). Restarting...
[Mon Jan 26 14:14:00 EAT 2026] Starting Stream (Attempt 101)...
[in#0 @ 0x6064a3053fc0] Error opening input: Server returned 4XX Client Error, but not one of 40{0,1,3,4}
Error opening input file http://cf.live78.online/live/59ad8c73feb6/3c0ac8cfe4/36188.ts.
Error opening input files: Server returned 4XX Client Error, but not one of 40{0,1,3,4}
[Mon Jan 26 14:14:00 EAT 2026] Stream crashed (Exit: 8). Restarting...
[Mon Jan 26 14:14:05 EAT 2026] Starting Stream (Attempt 102)...
[in#0 @ 0x5c2ae8f59fc0] Error opening input: Server returned 4XX Client Error, but not one of 40{0,1,3,4}
Error opening input file http://cf.live78.online/live/59ad8c73feb6/3c0ac8cfe4/36188.ts.
Error opening input files: Server returned 4XX Client Error, but not one of 40{0,1,3,4}
[Mon Jan 26 14:14:05 EAT 2026] Stream crashed (Exit: 8). Restarting...
[Mon Jan 26 14:14:10 EAT 2026] Starting Stream (Attempt 103)...
[in#0 @ 0x5cc842672fc0] Error opening input: Server returned 4XX Client Error, but not one of 40{0,1,3,4}
Error opening input file http://cf.live78.online/live/59ad8c73feb6/3c0ac8cfe4/36188.ts.
Error opening input files: Server returned 4XX Client Error, but not one of 40{0,1,3,4}
[Mon Jan 26 14:14:10 EAT 2026] Stream crashed (Exit: 8). Restarting...
[Mon Jan 26 14:14:15 EAT 2026] Starting Stream (Attempt 104)...
[in#0 @ 0x566578c6cfc0] Error opening input: Server returned 4XX Client Error, but not one of 40{0,1,3,4}
Error opening input file http://cf.live78.online/live/59ad8c73feb6/3c0ac8cfe4/36188.ts.
Error opening input files: Server returned 4XX Client Error, but not one of 40{0,1,3,4}
[Mon Jan 26 14:14:15 EAT 2026] Stream crashed (Exit: 8). Restarting...
[Mon Jan 26 14:14:20 EAT 2026] Starting Stream (Attempt 105)...
[in#0 @ 0x631263956fc0] Error opening input: Server returned 4XX Client Error, but not one of 40{0,1,3,4}
Error opening input file http://cf.live78.online/live/59ad8c73feb6/3c0ac8cfe4/36188.ts.
Error opening input files: Server returned 4XX Client Error, but not one of 40{0,1,3,4}
[Mon Jan 26 14:14:20 EAT 2026] Stream crashed (Exit: 8). Restarting...
[Mon Jan 26 14:14:25 EAT 2026] Starting Stream (Attempt 106)...
[in#0 @ 0x58888f30afc0] Error opening input: Server returned 4XX Client Error, but not one of 40{0,1,3,4}
Error opening input file http://cf.live78.online/live/59ad8c73feb6/3c0ac8cfe4/36188.ts.
Error opening input files: Server returned 4XX Client Error, but not one of 40{0,1,3,4}
[Mon Jan 26 14:14:25 EAT 2026] Stream crashed (Exit: 8). Restarting...
[Mon Jan 26 14:14:30 EAT 2026] Starting Stream (Attempt 107)...
[in#0 @ 0x55df408befc0] Error opening input: Server returned 4XX Client Error, but not one of 40{0,1,3,4}
Error opening input file http://cf.live78.online/live/59ad8c73feb6/3c0ac8cfe4/36188.ts.
Error opening input files: Server returned 4XX Client Error, but not one of 40{0,1,3,4}
[Mon Jan 26 14:14:31 EAT 2026] Stream crashed (Exit: 8). Restarting...
[Mon Jan 26 14:14:36 EAT 2026] Starting Stream (Attempt 108)...
[in#0 @ 0x5cdbaa89bfc0] Error opening input: Server returned 4XX Client Error, but not one of 40{0,1,3,4}
Error opening input file http://cf.live78.online/live/59ad8c73feb6/3c0ac8cfe4/36188.ts.
Error opening input files: Server returned 4XX Client Error, but not one of 40{0,1,3,4}
[Mon Jan 26 14:14:36 EAT 2026] Stream crashed (Exit: 8). Restarting...
[Mon Jan 26 14:14:41 EAT 2026] Starting Stream (Attempt 109)...
[in#0 @ 0x6081a62b5fc0] Error opening input: Server returned 4XX Client Error, but not one of 40{0,1,3,4}
Error opening input file http://cf.live78.online/live/59ad8c73feb6/3c0ac8cfe4/36188.ts.
Error opening input files: Server returned 4XX Client Error, but not one of 40{0,1,3,4}
[Mon Jan 26 14:14:41 EAT 2026] Stream crashed (Exit: 8). Restarting...
[Mon Jan 26 14:14:46 EAT 2026] Starting Stream (Attempt 110)...
[in#0 @ 0x61f5d369bfc0] Error opening input: Server returned 4XX Client Error, but not one of 40{0,1,3,4}
Error opening input file http://cf.live78.online/live/59ad8c73feb6/3c0ac8cfe4/36188.ts.
Error opening input files: Server returned 4XX Client Error, but not one of 40{0,1,3,4}
[Mon Jan 26 14:14:46 EAT 2026] Stream crashed (Exit: 8). Restarting...
[Mon Jan 26 14:14:51 EAT 2026] Starting Stream (Attempt 111)...
[in#0 @ 0x59a2d9fb5fc0] Error opening input: Server returned 4XX Client Error, but not one of 40{0,1,3,4}
Error opening input file http://cf.live78.online/live/59ad8c73feb6/3c0ac8cfe4/36188.ts.
Error opening input files: Server returned 4XX Client Error, but not one of 40{0,1,3,4}
[Mon Jan 26 14:14:51 EAT 2026] Stream crashed (Exit: 8). Restarting...
[Mon Jan 26 14:14:56 EAT 2026] Starting Stream (Attempt 112)...
[in#0 @ 0x5c2ef6a5efc0] Error opening input: Server returned 4XX Client Error, but not one of 40{0,1,3,4}
Error opening input file http://cf.live78.online/live/59ad8c73feb6/3c0ac8cfe4/36188.ts.
Error opening input files: Server returned 4XX Client Error, but not one of 40{0,1,3,4}
[Mon Jan 26 14:14:56 EAT 2026] Stream crashed (Exit: 8). Restarting...
[Mon Jan 26 14:15:01 EAT 2026] Starting Stream (Attempt 113)...
[in#0 @ 0x61a60a771fc0] Error opening input: Server returned 4XX Client Error, but not one of 40{0,1,3,4}
Error opening input file http://cf.live78.online/live/59ad8c73feb6/3c0ac8cfe4/36188.ts.
Error opening input files: Server returned 4XX Client Error, but not one of 40{0,1,3,4}
[Mon Jan 26 14:15:01 EAT 2026] Stream crashed (Exit: 8). Restarting...
[Mon Jan 26 14:15:06 EAT 2026] Starting Stream (Attempt 114)...
[in#0 @ 0x5b48d189bfc0] Error opening input: Server returned 4XX Client Error, but not one of 40{0,1,3,4}
Error opening input file http://cf.live78.online/live/59ad8c73feb6/3c0ac8cfe4/36188.ts.
Error opening input files: Server returned 4XX Client Error, but not one of 40{0,1,3,4}
[Mon Jan 26 14:15:07 EAT 2026] Stream crashed (Exit: 8). Restarting...
[Mon Jan 26 14:15:12 EAT 2026] Starting Stream (Attempt 115)...
[in#0 @ 0x56aa90237fc0] Error opening input: Server returned 4XX Client Error, but not one of 40{0,1,3,4}
Error opening input file http://cf.live78.online/live/59ad8c73feb6/3c0ac8cfe4/36188.ts.
Error opening input files: Server returned 4XX Client Error, but not one of 40{0,1,3,4}
[Mon Jan 26 14:15:12 EAT 2026] Stream crashed (Exit: 8). Restarting...
[Mon Jan 26 14:15:17 EAT 2026] Starting Stream (Attempt 116)...
[in#0 @ 0x571401a4ffc0] Error opening input: Server returned 4XX Client Error, but not one of 40{0,1,3,4}
Error opening input file http://cf.live78.online/live/59ad8c73feb6/3c0ac8cfe4/36188.ts.
Error opening input files: Server returned 4XX Client Error, but not one of 40{0,1,3,4}
[Mon Jan 26 14:15:17 EAT 2026] Stream crashed (Exit: 8). Restarting...
