[Mon Jan 26 14:15:25 EAT 2026] Starting Stream (Attempt 1)...
[in#0 @ 0x5bf4d248cfc0] Error opening input: Server returned 4XX Client Error, but not one of 40{0,1,3,4}
Error opening input file http://cf.live78.online/live/59ad8c73feb6/3c0ac8cfe4/1460841.ts.
Error opening input files: Server returned 4XX Client Error, but not one of 40{0,1,3,4}
[Mon Jan 26 14:15:25 EAT 2026] Stream crashed (Exit: 8). Restarting...
[Mon Jan 26 14:15:30 EAT 2026] Starting Stream (Attempt 2)...
[in#0 @ 0x611e8c1bbfc0] Error opening input: Server returned 4XX Client Error, but not one of 40{0,1,3,4}
Error opening input file http://cf.live78.online/live/59ad8c73feb6/3c0ac8cfe4/1460841.ts.
Error opening input files: Server returned 4XX Client Error, but not one of 40{0,1,3,4}
[Mon Jan 26 14:15:30 EAT 2026] Stream crashed (Exit: 8). Restarting...
[Mon Jan 26 14:15:35 EAT 2026] Starting Stream (Attempt 3)...
[in#0 @ 0x5d9951193fc0] Error opening input: Server returned 4XX Client Error, but not one of 40{0,1,3,4}
Error opening input file http://cf.live78.online/live/59ad8c73feb6/3c0ac8cfe4/1460841.ts.
Error opening input files: Server returned 4XX Client Error, but not one of 40{0,1,3,4}
[Mon Jan 26 14:15:35 EAT 2026] Stream crashed (Exit: 8). Restarting...
[Mon Jan 26 14:15:40 EAT 2026] Starting Stream (Attempt 4)...
[in#0 @ 0x61e622695fc0] Error opening input: Server returned 4XX Client Error, but not one of 40{0,1,3,4}
Error opening input file http://cf.live78.online/live/59ad8c73feb6/3c0ac8cfe4/1460841.ts.
Error opening input files: Server returned 4XX Client Error, but not one of 40{0,1,3,4}
[Mon Jan 26 14:15:40 EAT 2026] Stream crashed (Exit: 8). Restarting...
[Mon Jan 26 14:15:45 EAT 2026] Starting Stream (Attempt 5)...
[in#0 @ 0x6483210f7fc0] Error opening input: Server returned 4XX Client Error, but not one of 40{0,1,3,4}
Error opening input file http://cf.live78.online/live/59ad8c73feb6/3c0ac8cfe4/1460841.ts.
Error opening input files: Server returned 4XX Client Error, but not one of 40{0,1,3,4}
[Mon Jan 26 14:15:45 EAT 2026] Stream crashed (Exit: 8). Restarting...
[Mon Jan 26 14:15:50 EAT 2026] Starting Stream (Attempt 6)...
[in#0 @ 0x627a47992fc0] Error opening input: Server returned 4XX Client Error, but not one of 40{0,1,3,4}
Error opening input file http://cf.live78.online/live/59ad8c73feb6/3c0ac8cfe4/1460841.ts.
Error opening input files: Server returned 4XX Client Error, but not one of 40{0,1,3,4}
[Mon Jan 26 14:15:50 EAT 2026] Stream crashed (Exit: 8). Restarting...
[Mon Jan 26 14:15:55 EAT 2026] Starting Stream (Attempt 7)...
[in#0 @ 0x5bc243605fc0] Error opening input: Server returned 4XX Client Error, but not one of 40{0,1,3,4}
Error opening input file http://cf.live78.online/live/59ad8c73feb6/3c0ac8cfe4/1460841.ts.
Error opening input files: Server returned 4XX Client Error, but not one of 40{0,1,3,4}
[Mon Jan 26 14:15:55 EAT 2026] Stream crashed (Exit: 8). Restarting...
[Mon Jan 26 14:16:00 EAT 2026] Starting Stream (Attempt 8)...
[in#0 @ 0x5a0275e82fc0] Error opening input: Server returned 4XX Client Error, but not one of 40{0,1,3,4}
Error opening input file http://cf.live78.online/live/59ad8c73feb6/3c0ac8cfe4/1460841.ts.
Error opening input files: Server returned 4XX Client Error, but not one of 40{0,1,3,4}
[Mon Jan 26 14:16:00 EAT 2026] Stream crashed (Exit: 8). Restarting...
[Mon Jan 26 14:16:05 EAT 2026] Starting Stream (Attempt 9)...
[in#0 @ 0x5d526b0a7fc0] Error opening input: Server returned 4XX Client Error, but not one of 40{0,1,3,4}
Error opening input file http://cf.live78.online/live/59ad8c73feb6/3c0ac8cfe4/1460841.ts.
Error opening input files: Server returned 4XX Client Error, but not one of 40{0,1,3,4}
[Mon Jan 26 14:16:06 EAT 2026] Stream crashed (Exit: 8). Restarting...
[Mon Jan 26 14:16:11 EAT 2026] Starting Stream (Attempt 10)...
[in#0 @ 0x5b1dfd5defc0] Error opening input: Server returned 4XX Client Error, but not one of 40{0,1,3,4}
Error opening input file http://cf.live78.online/live/59ad8c73feb6/3c0ac8cfe4/1460841.ts.
Error opening input files: Server returned 4XX Client Error, but not one of 40{0,1,3,4}
[Mon Jan 26 14:16:11 EAT 2026] Stream crashed (Exit: 8). Restarting...
[Mon Jan 26 14:16:16 EAT 2026] Starting Stream (Attempt 11)...
[in#0 @ 0x64f46ba59fc0] Error opening input: Server returned 4XX Client Error, but not one of 40{0,1,3,4}
Error opening input file http://cf.live78.online/live/59ad8c73feb6/3c0ac8cfe4/1460841.ts.
Error opening input files: Server returned 4XX Client Error, but not one of 40{0,1,3,4}
[Mon Jan 26 14:16:16 EAT 2026] Stream crashed (Exit: 8). Restarting...
[Mon Jan 26 14:16:21 EAT 2026] Starting Stream (Attempt 12)...
[in#0 @ 0x6357d3ab5fc0] Error opening input: Server returned 4XX Client Error, but not one of 40{0,1,3,4}
Error opening input file http://cf.live78.online/live/59ad8c73feb6/3c0ac8cfe4/1460841.ts.
Error opening input files: Server returned 4XX Client Error, but not one of 40{0,1,3,4}
[Mon Jan 26 14:16:21 EAT 2026] Stream crashed (Exit: 8). Restarting...
[Mon Jan 26 14:16:26 EAT 2026] Starting Stream (Attempt 13)...
[in#0 @ 0x58e5f1e71fc0] Error opening input: Server returned 4XX Client Error, but not one of 40{0,1,3,4}
Error opening input file http://cf.live78.online/live/59ad8c73feb6/3c0ac8cfe4/1460841.ts.
Error opening input files: Server returned 4XX Client Error, but not one of 40{0,1,3,4}
[Mon Jan 26 14:16:26 EAT 2026] Stream crashed (Exit: 8). Restarting...
[Mon Jan 26 14:16:31 EAT 2026] Starting Stream (Attempt 14)...
[in#0 @ 0x57e0f9f9bfc0] Error opening input: Server returned 4XX Client Error, but not one of 40{0,1,3,4}
Error opening input file http://cf.live78.online/live/59ad8c73feb6/3c0ac8cfe4/1460841.ts.
Error opening input files: Server returned 4XX Client Error, but not one of 40{0,1,3,4}
[Mon Jan 26 14:16:31 EAT 2026] Stream crashed (Exit: 8). Restarting...
[Mon Jan 26 14:16:36 EAT 2026] Starting Stream (Attempt 15)...
[in#0 @ 0x5d7b57005fc0] Error opening input: Server returned 4XX Client Error, but not one of 40{0,1,3,4}
Error opening input file http://cf.live78.online/live/59ad8c73feb6/3c0ac8cfe4/1460841.ts.
Error opening input files: Server returned 4XX Client Error, but not one of 40{0,1,3,4}
[Mon Jan 26 14:16:36 EAT 2026] Stream crashed (Exit: 8). Restarting...
[Mon Jan 26 14:16:41 EAT 2026] Starting Stream (Attempt 16)...
[in#0 @ 0x64eee4966fc0] Error opening input: Server returned 4XX Client Error, but not one of 40{0,1,3,4}
Error opening input file http://cf.live78.online/live/59ad8c73feb6/3c0ac8cfe4/1460841.ts.
Error opening input files: Server returned 4XX Client Error, but not one of 40{0,1,3,4}
[Mon Jan 26 14:16:41 EAT 2026] Stream crashed (Exit: 8). Restarting...
[Mon Jan 26 14:16:46 EAT 2026] Starting Stream (Attempt 17)...
[in#0 @ 0x5f38087a3fc0] Error opening input: Server returned 4XX Client Error, but not one of 40{0,1,3,4}
Error opening input file http://cf.live78.online/live/59ad8c73feb6/3c0ac8cfe4/1460841.ts.
Error opening input files: Server returned 4XX Client Error, but not one of 40{0,1,3,4}
[Mon Jan 26 14:16:46 EAT 2026] Stream crashed (Exit: 8). Restarting...
[Mon Jan 26 14:16:51 EAT 2026] Starting Stream (Attempt 18)...
[in#0 @ 0x58fd8b6a0fc0] Error opening input: Server returned 4XX Client Error, but not one of 40{0,1,3,4}
Error opening input file http://cf.live78.online/live/59ad8c73feb6/3c0ac8cfe4/1460841.ts.
Error opening input files: Server returned 4XX Client Error, but not one of 40{0,1,3,4}
[Mon Jan 26 14:16:52 EAT 2026] Stream crashed (Exit: 8). Restarting...
[Mon Jan 26 14:16:57 EAT 2026] Starting Stream (Attempt 19)...
[in#0 @ 0x5a5af4813fc0] Error opening input: Server returned 4XX Client Error, but not one of 40{0,1,3,4}
Error opening input file http://cf.live78.online/live/59ad8c73feb6/3c0ac8cfe4/1460841.ts.
Error opening input files: Server returned 4XX Client Error, but not one of 40{0,1,3,4}
[Mon Jan 26 14:16:57 EAT 2026] Stream crashed (Exit: 8). Restarting...
[Mon Jan 26 14:17:02 EAT 2026] Starting Stream (Attempt 20)...
[in#0 @ 0x55f7463a0fc0] Error opening input: Server returned 4XX Client Error, but not one of 40{0,1,3,4}
Error opening input file http://cf.live78.online/live/59ad8c73feb6/3c0ac8cfe4/1460841.ts.
Error opening input files: Server returned 4XX Client Error, but not one of 40{0,1,3,4}
[Mon Jan 26 14:17:02 EAT 2026] Stream crashed (Exit: 8). Restarting...
[Mon Jan 26 14:17:07 EAT 2026] Starting Stream (Attempt 21)...
[in#0 @ 0x5d5c75a19fc0] Error opening input: Server returned 4XX Client Error, but not one of 40{0,1,3,4}
Error opening input file http://cf.live78.online/live/59ad8c73feb6/3c0ac8cfe4/1460841.ts.
Error opening input files: Server returned 4XX Client Error, but not one of 40{0,1,3,4}
[Mon Jan 26 14:17:08 EAT 2026] Stream crashed (Exit: 8). Restarting...
[Mon Jan 26 14:17:13 EAT 2026] Starting Stream (Attempt 22)...
[in#0 @ 0x578caf40bfc0] Error opening input: Server returned 4XX Client Error, but not one of 40{0,1,3,4}
Error opening input file http://cf.live78.online/live/59ad8c73feb6/3c0ac8cfe4/1460841.ts.
Error opening input files: Server returned 4XX Client Error, but not one of 40{0,1,3,4}
[Mon Jan 26 14:17:13 EAT 2026] Stream crashed (Exit: 8). Restarting...
[Mon Jan 26 14:17:18 EAT 2026] Starting Stream (Attempt 23)...
[in#0 @ 0x61249f2d0fc0] Error opening input: Server returned 4XX Client Error, but not one of 40{0,1,3,4}
Error opening input file http://cf.live78.online/live/59ad8c73feb6/3c0ac8cfe4/1460841.ts.
Error opening input files: Server returned 4XX Client Error, but not one of 40{0,1,3,4}
[Mon Jan 26 14:17:18 EAT 2026] Stream crashed (Exit: 8). Restarting...
[Mon Jan 26 14:17:23 EAT 2026] Starting Stream (Attempt 24)...
[in#0 @ 0x5bf627fccfc0] Error opening input: Server returned 4XX Client Error, but not one of 40{0,1,3,4}
Error opening input file http://cf.live78.online/live/59ad8c73feb6/3c0ac8cfe4/1460841.ts.
Error opening input files: Server returned 4XX Client Error, but not one of 40{0,1,3,4}
[Mon Jan 26 14:17:23 EAT 2026] Stream crashed (Exit: 8). Restarting...
[Mon Jan 26 14:17:28 EAT 2026] Starting Stream (Attempt 25)...
[in#0 @ 0x5805dd16bfc0] Error opening input: Server returned 4XX Client Error, but not one of 40{0,1,3,4}
Error opening input file http://cf.live78.online/live/59ad8c73feb6/3c0ac8cfe4/1460841.ts.
Error opening input files: Server returned 4XX Client Error, but not one of 40{0,1,3,4}
[Mon Jan 26 14:17:28 EAT 2026] Stream crashed (Exit: 8). Restarting...
[Mon Jan 26 14:17:33 EAT 2026] Starting Stream (Attempt 26)...
[in#0 @ 0x5ead36212fc0] Error opening input: Server returned 4XX Client Error, but not one of 40{0,1,3,4}
Error opening input file http://cf.live78.online/live/59ad8c73feb6/3c0ac8cfe4/1460841.ts.
Error opening input files: Server returned 4XX Client Error, but not one of 40{0,1,3,4}
[Mon Jan 26 14:17:33 EAT 2026] Stream crashed (Exit: 8). Restarting...
[Mon Jan 26 14:17:38 EAT 2026] Starting Stream (Attempt 27)...
[in#0 @ 0x6138d24eafc0] Error opening input: Server returned 4XX Client Error, but not one of 40{0,1,3,4}
Error opening input file http://cf.live78.online/live/59ad8c73feb6/3c0ac8cfe4/1460841.ts.
Error opening input files: Server returned 4XX Client Error, but not one of 40{0,1,3,4}
[Mon Jan 26 14:17:38 EAT 2026] Stream crashed (Exit: 8). Restarting...
[Mon Jan 26 14:17:43 EAT 2026] Starting Stream (Attempt 28)...
[in#0 @ 0x637b11d43fc0] Error opening input: Server returned 4XX Client Error, but not one of 40{0,1,3,4}
Error opening input file http://cf.live78.online/live/59ad8c73feb6/3c0ac8cfe4/1460841.ts.
Error opening input files: Server returned 4XX Client Error, but not one of 40{0,1,3,4}
[Mon Jan 26 14:17:43 EAT 2026] Stream crashed (Exit: 8). Restarting...
[Mon Jan 26 14:17:48 EAT 2026] Starting Stream (Attempt 29)...
[in#0 @ 0x6201fa2d5fc0] Error opening input: Server returned 4XX Client Error, but not one of 40{0,1,3,4}
Error opening input file http://cf.live78.online/live/59ad8c73feb6/3c0ac8cfe4/1460841.ts.
Error opening input files: Server returned 4XX Client Error, but not one of 40{0,1,3,4}
[Mon Jan 26 14:17:48 EAT 2026] Stream crashed (Exit: 8). Restarting...
[Mon Jan 26 14:17:53 EAT 2026] Starting Stream (Attempt 30)...
[in#0 @ 0x5c2fc3bd7fc0] Error opening input: Server returned 4XX Client Error, but not one of 40{0,1,3,4}
Error opening input file http://cf.live78.online/live/59ad8c73feb6/3c0ac8cfe4/1460841.ts.
Error opening input files: Server returned 4XX Client Error, but not one of 40{0,1,3,4}
[Mon Jan 26 14:17:54 EAT 2026] Stream crashed (Exit: 8). Restarting...
[Mon Jan 26 14:17:59 EAT 2026] Starting Stream (Attempt 31)...
[in#0 @ 0x5e9fce3bdfc0] Error opening input: Server returned 4XX Client Error, but not one of 40{0,1,3,4}
Error opening input file http://cf.live78.online/live/59ad8c73feb6/3c0ac8cfe4/1460841.ts.
Error opening input files: Server returned 4XX Client Error, but not one of 40{0,1,3,4}
[Mon Jan 26 14:17:59 EAT 2026] Stream crashed (Exit: 8). Restarting...
[Mon Jan 26 14:18:04 EAT 2026] Starting Stream (Attempt 32)...
[in#0 @ 0x56a54bb5bfc0] Error opening input: Server returned 4XX Client Error, but not one of 40{0,1,3,4}
Error opening input file http://cf.live78.online/live/59ad8c73feb6/3c0ac8cfe4/1460841.ts.
Error opening input files: Server returned 4XX Client Error, but not one of 40{0,1,3,4}
[Mon Jan 26 14:18:04 EAT 2026] Stream crashed (Exit: 8). Restarting...
[Mon Jan 26 14:18:09 EAT 2026] Starting Stream (Attempt 33)...
[in#0 @ 0x561af8aa2fc0] Error opening input: Server returned 4XX Client Error, but not one of 40{0,1,3,4}
Error opening input file http://cf.live78.online/live/59ad8c73feb6/3c0ac8cfe4/1460841.ts.
Error opening input files: Server returned 4XX Client Error, but not one of 40{0,1,3,4}
[Mon Jan 26 14:18:09 EAT 2026] Stream crashed (Exit: 8). Restarting...
[Mon Jan 26 14:18:14 EAT 2026] Starting Stream (Attempt 34)...
[in#0 @ 0x57af9e395fc0] Error opening input: Server returned 4XX Client Error, but not one of 40{0,1,3,4}
Error opening input file http://cf.live78.online/live/59ad8c73feb6/3c0ac8cfe4/1460841.ts.
Error opening input files: Server returned 4XX Client Error, but not one of 40{0,1,3,4}
[Mon Jan 26 14:18:14 EAT 2026] Stream crashed (Exit: 8). Restarting...
[Mon Jan 26 14:18:19 EAT 2026] Starting Stream (Attempt 35)...
[in#0 @ 0x5e75e4b48fc0] Error opening input: Server returned 4XX Client Error, but not one of 40{0,1,3,4}
Error opening input file http://cf.live78.online/live/59ad8c73feb6/3c0ac8cfe4/1460841.ts.
Error opening input files: Server returned 4XX Client Error, but not one of 40{0,1,3,4}
[Mon Jan 26 14:18:19 EAT 2026] Stream crashed (Exit: 8). Restarting...
[Mon Jan 26 14:18:24 EAT 2026] Starting Stream (Attempt 36)...
[in#0 @ 0x62864d287fc0] Error opening input: Server returned 4XX Client Error, but not one of 40{0,1,3,4}
Error opening input file http://cf.live78.online/live/59ad8c73feb6/3c0ac8cfe4/1460841.ts.
Error opening input files: Server returned 4XX Client Error, but not one of 40{0,1,3,4}
[Mon Jan 26 14:18:24 EAT 2026] Stream crashed (Exit: 8). Restarting...
[Mon Jan 26 14:18:29 EAT 2026] Starting Stream (Attempt 37)...
[in#0 @ 0x562244ba2fc0] Error opening input: Server returned 4XX Client Error, but not one of 40{0,1,3,4}
Error opening input file http://cf.live78.online/live/59ad8c73feb6/3c0ac8cfe4/1460841.ts.
Error opening input files: Server returned 4XX Client Error, but not one of 40{0,1,3,4}
[Mon Jan 26 14:18:29 EAT 2026] Stream crashed (Exit: 8). Restarting...
[Mon Jan 26 14:18:34 EAT 2026] Starting Stream (Attempt 38)...
[in#0 @ 0x56dbd5b3bfc0] Error opening input: Server returned 4XX Client Error, but not one of 40{0,1,3,4}
Error opening input file http://cf.live78.online/live/59ad8c73feb6/3c0ac8cfe4/1460841.ts.
Error opening input files: Server returned 4XX Client Error, but not one of 40{0,1,3,4}
[Mon Jan 26 14:18:34 EAT 2026] Stream crashed (Exit: 8). Restarting...
[Mon Jan 26 14:18:39 EAT 2026] Starting Stream (Attempt 39)...
[in#0 @ 0x588c32be6fc0] Error opening input: Server returned 4XX Client Error, but not one of 40{0,1,3,4}
Error opening input file http://cf.live78.online/live/59ad8c73feb6/3c0ac8cfe4/1460841.ts.
Error opening input files: Server returned 4XX Client Error, but not one of 40{0,1,3,4}
[Mon Jan 26 14:18:40 EAT 2026] Stream crashed (Exit: 8). Restarting...
[Mon Jan 26 14:18:45 EAT 2026] Starting Stream (Attempt 40)...
[in#0 @ 0x585ecb28ffc0] Error opening input: Server returned 4XX Client Error, but not one of 40{0,1,3,4}
Error opening input file http://cf.live78.online/live/59ad8c73feb6/3c0ac8cfe4/1460841.ts.
Error opening input files: Server returned 4XX Client Error, but not one of 40{0,1,3,4}
[Mon Jan 26 14:18:45 EAT 2026] Stream crashed (Exit: 8). Restarting...
[Mon Jan 26 14:18:50 EAT 2026] Starting Stream (Attempt 41)...
[in#0 @ 0x55cfc0646fc0] Error opening input: Server returned 4XX Client Error, but not one of 40{0,1,3,4}
Error opening input file http://cf.live78.online/live/59ad8c73feb6/3c0ac8cfe4/1460841.ts.
Error opening input files: Server returned 4XX Client Error, but not one of 40{0,1,3,4}
[Mon Jan 26 14:18:50 EAT 2026] Stream crashed (Exit: 8). Restarting...
[Mon Jan 26 14:18:55 EAT 2026] Starting Stream (Attempt 42)...
[in#0 @ 0x5beeb9733fc0] Error opening input: Server returned 4XX Client Error, but not one of 40{0,1,3,4}
Error opening input file http://cf.live78.online/live/59ad8c73feb6/3c0ac8cfe4/1460841.ts.
Error opening input files: Server returned 4XX Client Error, but not one of 40{0,1,3,4}
[Mon Jan 26 14:18:55 EAT 2026] Stream crashed (Exit: 8). Restarting...
[Mon Jan 26 14:19:00 EAT 2026] Starting Stream (Attempt 43)...
[in#0 @ 0x60f9378d6fc0] Error opening input: Server returned 4XX Client Error, but not one of 40{0,1,3,4}
Error opening input file http://cf.live78.online/live/59ad8c73feb6/3c0ac8cfe4/1460841.ts.
Error opening input files: Server returned 4XX Client Error, but not one of 40{0,1,3,4}
[Mon Jan 26 14:19:00 EAT 2026] Stream crashed (Exit: 8). Restarting...
[Mon Jan 26 14:19:05 EAT 2026] Starting Stream (Attempt 44)...
[in#0 @ 0x57730d413fc0] Error opening input: Server returned 4XX Client Error, but not one of 40{0,1,3,4}
Error opening input file http://cf.live78.online/live/59ad8c73feb6/3c0ac8cfe4/1460841.ts.
Error opening input files: Server returned 4XX Client Error, but not one of 40{0,1,3,4}
[Mon Jan 26 14:19:05 EAT 2026] Stream crashed (Exit: 8). Restarting...
[Mon Jan 26 14:19:10 EAT 2026] Starting Stream (Attempt 45)...
[in#0 @ 0x57c4949ddfc0] Error opening input: Server returned 4XX Client Error, but not one of 40{0,1,3,4}
Error opening input file http://cf.live78.online/live/59ad8c73feb6/3c0ac8cfe4/1460841.ts.
Error opening input files: Server returned 4XX Client Error, but not one of 40{0,1,3,4}
[Mon Jan 26 14:19:10 EAT 2026] Stream crashed (Exit: 8). Restarting...
[Mon Jan 26 14:19:15 EAT 2026] Starting Stream (Attempt 46)...
[in#0 @ 0x5e7aa0cbefc0] Error opening input: Server returned 4XX Client Error, but not one of 40{0,1,3,4}
Error opening input file http://cf.live78.online/live/59ad8c73feb6/3c0ac8cfe4/1460841.ts.
Error opening input files: Server returned 4XX Client Error, but not one of 40{0,1,3,4}
[Mon Jan 26 14:19:15 EAT 2026] Stream crashed (Exit: 8). Restarting...
[Mon Jan 26 14:19:20 EAT 2026] Starting Stream (Attempt 47)...
[in#0 @ 0x62f094429fc0] Error opening input: Server returned 4XX Client Error, but not one of 40{0,1,3,4}
Error opening input file http://cf.live78.online/live/59ad8c73feb6/3c0ac8cfe4/1460841.ts.
Error opening input files: Server returned 4XX Client Error, but not one of 40{0,1,3,4}
[Mon Jan 26 14:19:20 EAT 2026] Stream crashed (Exit: 8). Restarting...
[Mon Jan 26 14:19:25 EAT 2026] Starting Stream (Attempt 48)...
[in#0 @ 0x5e2e32152fc0] Error opening input: Server returned 4XX Client Error, but not one of 40{0,1,3,4}
Error opening input file http://cf.live78.online/live/59ad8c73feb6/3c0ac8cfe4/1460841.ts.
Error opening input files: Server returned 4XX Client Error, but not one of 40{0,1,3,4}
[Mon Jan 26 14:19:25 EAT 2026] Stream crashed (Exit: 8). Restarting...
[Mon Jan 26 14:19:30 EAT 2026] Starting Stream (Attempt 49)...
[in#0 @ 0x565701dedfc0] Error opening input: Server returned 4XX Client Error, but not one of 40{0,1,3,4}
Error opening input file http://cf.live78.online/live/59ad8c73feb6/3c0ac8cfe4/1460841.ts.
Error opening input files: Server returned 4XX Client Error, but not one of 40{0,1,3,4}
[Mon Jan 26 14:19:31 EAT 2026] Stream crashed (Exit: 8). Restarting...
[Mon Jan 26 14:19:36 EAT 2026] Starting Stream (Attempt 50)...
[in#0 @ 0x64a187c16fc0] Error opening input: Server returned 4XX Client Error, but not one of 40{0,1,3,4}
Error opening input file http://cf.live78.online/live/59ad8c73feb6/3c0ac8cfe4/1460841.ts.
Error opening input files: Server returned 4XX Client Error, but not one of 40{0,1,3,4}
[Mon Jan 26 14:19:36 EAT 2026] Stream crashed (Exit: 8). Restarting...
[Mon Jan 26 14:19:41 EAT 2026] Starting Stream (Attempt 51)...
[in#0 @ 0x60d670a1bfc0] Error opening input: Server returned 4XX Client Error, but not one of 40{0,1,3,4}
Error opening input file http://cf.live78.online/live/59ad8c73feb6/3c0ac8cfe4/1460841.ts.
Error opening input files: Server returned 4XX Client Error, but not one of 40{0,1,3,4}
[Mon Jan 26 14:19:41 EAT 2026] Stream crashed (Exit: 8). Restarting...
[Mon Jan 26 14:19:46 EAT 2026] Starting Stream (Attempt 52)...
[in#0 @ 0x568f3059bfc0] Error opening input: Server returned 4XX Client Error, but not one of 40{0,1,3,4}
Error opening input file http://cf.live78.online/live/59ad8c73feb6/3c0ac8cfe4/1460841.ts.
Error opening input files: Server returned 4XX Client Error, but not one of 40{0,1,3,4}
[Mon Jan 26 14:19:46 EAT 2026] Stream crashed (Exit: 8). Restarting...
[Mon Jan 26 14:19:51 EAT 2026] Starting Stream (Attempt 53)...
[in#0 @ 0x5e13d6036fc0] Error opening input: Server returned 4XX Client Error, but not one of 40{0,1,3,4}
Error opening input file http://cf.live78.online/live/59ad8c73feb6/3c0ac8cfe4/1460841.ts.
Error opening input files: Server returned 4XX Client Error, but not one of 40{0,1,3,4}
[Mon Jan 26 14:19:51 EAT 2026] Stream crashed (Exit: 8). Restarting...
[Mon Jan 26 14:19:56 EAT 2026] Starting Stream (Attempt 54)...
[in#0 @ 0x5eb2457c7fc0] Error opening input: Server returned 4XX Client Error, but not one of 40{0,1,3,4}
Error opening input file http://cf.live78.online/live/59ad8c73feb6/3c0ac8cfe4/1460841.ts.
Error opening input files: Server returned 4XX Client Error, but not one of 40{0,1,3,4}
[Mon Jan 26 14:19:56 EAT 2026] Stream crashed (Exit: 8). Restarting...
[Mon Jan 26 14:20:01 EAT 2026] Starting Stream (Attempt 55)...
[in#0 @ 0x6127dc088fc0] Error opening input: Server returned 4XX Client Error, but not one of 40{0,1,3,4}
Error opening input file http://cf.live78.online/live/59ad8c73feb6/3c0ac8cfe4/1460841.ts.
Error opening input files: Server returned 4XX Client Error, but not one of 40{0,1,3,4}
[Mon Jan 26 14:20:01 EAT 2026] Stream crashed (Exit: 8). Restarting...
[Mon Jan 26 14:20:06 EAT 2026] Starting Stream (Attempt 56)...
[in#0 @ 0x6299a14bdfc0] Error opening input: Server returned 4XX Client Error, but not one of 40{0,1,3,4}
Error opening input file http://cf.live78.online/live/59ad8c73feb6/3c0ac8cfe4/1460841.ts.
Error opening input files: Server returned 4XX Client Error, but not one of 40{0,1,3,4}
[Mon Jan 26 14:20:06 EAT 2026] Stream crashed (Exit: 8). Restarting...
[Mon Jan 26 14:20:11 EAT 2026] Starting Stream (Attempt 57)...
[in#0 @ 0x589d53a01fc0] Error opening input: Server returned 4XX Client Error, but not one of 40{0,1,3,4}
Error opening input file http://cf.live78.online/live/59ad8c73feb6/3c0ac8cfe4/1460841.ts.
Error opening input files: Server returned 4XX Client Error, but not one of 40{0,1,3,4}
[Mon Jan 26 14:20:11 EAT 2026] Stream crashed (Exit: 8). Restarting...
[Mon Jan 26 14:20:16 EAT 2026] Starting Stream (Attempt 58)...
[in#0 @ 0x5ef03830afc0] Error opening input: Server returned 4XX Client Error, but not one of 40{0,1,3,4}
Error opening input file http://cf.live78.online/live/59ad8c73feb6/3c0ac8cfe4/1460841.ts.
Error opening input files: Server returned 4XX Client Error, but not one of 40{0,1,3,4}
[Mon Jan 26 14:20:17 EAT 2026] Stream crashed (Exit: 8). Restarting...
[Mon Jan 26 14:20:22 EAT 2026] Starting Stream (Attempt 59)...
[in#0 @ 0x5c2a1c262fc0] Error opening input: Server returned 4XX Client Error, but not one of 40{0,1,3,4}
Error opening input file http://cf.live78.online/live/59ad8c73feb6/3c0ac8cfe4/1460841.ts.
Error opening input files: Server returned 4XX Client Error, but not one of 40{0,1,3,4}
[Mon Jan 26 14:20:22 EAT 2026] Stream crashed (Exit: 8). Restarting...
[Mon Jan 26 14:20:27 EAT 2026] Starting Stream (Attempt 60)...
[in#0 @ 0x58dfe3ffdfc0] Error opening input: Server returned 4XX Client Error, but not one of 40{0,1,3,4}
Error opening input file http://cf.live78.online/live/59ad8c73feb6/3c0ac8cfe4/1460841.ts.
Error opening input files: Server returned 4XX Client Error, but not one of 40{0,1,3,4}
[Mon Jan 26 14:20:27 EAT 2026] Stream crashed (Exit: 8). Restarting...
[Mon Jan 26 14:20:32 EAT 2026] Starting Stream (Attempt 61)...
[in#0 @ 0x6267ded6ffc0] Error opening input: Server returned 4XX Client Error, but not one of 40{0,1,3,4}
Error opening input file http://cf.live78.online/live/59ad8c73feb6/3c0ac8cfe4/1460841.ts.
Error opening input files: Server returned 4XX Client Error, but not one of 40{0,1,3,4}
[Mon Jan 26 14:20:32 EAT 2026] Stream crashed (Exit: 8). Restarting...
[Mon Jan 26 14:20:37 EAT 2026] Starting Stream (Attempt 62)...
[in#0 @ 0x5588f1360fc0] Error opening input: Server returned 4XX Client Error, but not one of 40{0,1,3,4}
Error opening input file http://cf.live78.online/live/59ad8c73feb6/3c0ac8cfe4/1460841.ts.
Error opening input files: Server returned 4XX Client Error, but not one of 40{0,1,3,4}
[Mon Jan 26 14:20:37 EAT 2026] Stream crashed (Exit: 8). Restarting...
[Mon Jan 26 14:20:42 EAT 2026] Starting Stream (Attempt 63)...
[in#0 @ 0x5a3303f3dfc0] Error opening input: Server returned 4XX Client Error, but not one of 40{0,1,3,4}
Error opening input file http://cf.live78.online/live/59ad8c73feb6/3c0ac8cfe4/1460841.ts.
Error opening input files: Server returned 4XX Client Error, but not one of 40{0,1,3,4}
[Mon Jan 26 14:20:42 EAT 2026] Stream crashed (Exit: 8). Restarting...
[Mon Jan 26 14:20:47 EAT 2026] Starting Stream (Attempt 64)...
[in#0 @ 0x61ebf710cfc0] Error opening input: Server returned 4XX Client Error, but not one of 40{0,1,3,4}
Error opening input file http://cf.live78.online/live/59ad8c73feb6/3c0ac8cfe4/1460841.ts.
Error opening input files: Server returned 4XX Client Error, but not one of 40{0,1,3,4}
[Mon Jan 26 14:20:47 EAT 2026] Stream crashed (Exit: 8). Restarting...
[Mon Jan 26 14:20:52 EAT 2026] Starting Stream (Attempt 65)...
[in#0 @ 0x6468a5941fc0] Error opening input: Server returned 4XX Client Error, but not one of 40{0,1,3,4}
Error opening input file http://cf.live78.online/live/59ad8c73feb6/3c0ac8cfe4/1460841.ts.
Error opening input files: Server returned 4XX Client Error, but not one of 40{0,1,3,4}
[Mon Jan 26 14:20:52 EAT 2026] Stream crashed (Exit: 8). Restarting...
[Mon Jan 26 14:20:57 EAT 2026] Starting Stream (Attempt 66)...
[in#0 @ 0x58b1915f2fc0] Error opening input: Server returned 4XX Client Error, but not one of 40{0,1,3,4}
Error opening input file http://cf.live78.online/live/59ad8c73feb6/3c0ac8cfe4/1460841.ts.
Error opening input files: Server returned 4XX Client Error, but not one of 40{0,1,3,4}
[Mon Jan 26 14:20:58 EAT 2026] Stream crashed (Exit: 8). Restarting...
[Mon Jan 26 14:21:03 EAT 2026] Starting Stream (Attempt 67)...
[in#0 @ 0x61886d5fbfc0] Error opening input: Server returned 4XX Client Error, but not one of 40{0,1,3,4}
Error opening input file http://cf.live78.online/live/59ad8c73feb6/3c0ac8cfe4/1460841.ts.
Error opening input files: Server returned 4XX Client Error, but not one of 40{0,1,3,4}
[Mon Jan 26 14:21:03 EAT 2026] Stream crashed (Exit: 8). Restarting...
[Mon Jan 26 14:21:13 EAT 2026] Starting Stream (Attempt 1)...
[in#0 @ 0x635f4cab7fc0] Error opening input: Server returned 4XX Client Error, but not one of 40{0,1,3,4}
Error opening input file http://cf.live79.online/live/59ad8c73feb6/3c0ac8cfe4/1460841.ts.
Error opening input files: Server returned 4XX Client Error, but not one of 40{0,1,3,4}
[Mon Jan 26 14:21:13 EAT 2026] Stream crashed (Exit: 8). Restarting...
[Mon Jan 26 14:21:18 EAT 2026] Starting Stream (Attempt 2)...
[in#0 @ 0x558c81182fc0] Error opening input: Server returned 4XX Client Error, but not one of 40{0,1,3,4}
Error opening input file http://cf.live79.online/live/59ad8c73feb6/3c0ac8cfe4/1460841.ts.
Error opening input files: Server returned 4XX Client Error, but not one of 40{0,1,3,4}
[Mon Jan 26 14:21:18 EAT 2026] Stream crashed (Exit: 8). Restarting...
[Mon Jan 26 14:21:23 EAT 2026] Starting Stream (Attempt 3)...
[in#0 @ 0x561b459f2fc0] Error opening input: Server returned 4XX Client Error, but not one of 40{0,1,3,4}
Error opening input file http://cf.live79.online/live/59ad8c73feb6/3c0ac8cfe4/1460841.ts.
Error opening input files: Server returned 4XX Client Error, but not one of 40{0,1,3,4}
[Mon Jan 26 14:21:23 EAT 2026] Stream crashed (Exit: 8). Restarting...
[Mon Jan 26 14:21:28 EAT 2026] Starting Stream (Attempt 4)...
[in#0 @ 0x5e9f3f5d2fc0] Error opening input: Server returned 4XX Client Error, but not one of 40{0,1,3,4}
Error opening input file http://cf.live79.online/live/59ad8c73feb6/3c0ac8cfe4/1460841.ts.
Error opening input files: Server returned 4XX Client Error, but not one of 40{0,1,3,4}
[Mon Jan 26 14:21:28 EAT 2026] Stream crashed (Exit: 8). Restarting...
[Mon Jan 26 14:21:33 EAT 2026] Starting Stream (Attempt 5)...
[in#0 @ 0x59f42612ffc0] Error opening input: Server returned 4XX Client Error, but not one of 40{0,1,3,4}
Error opening input file http://cf.live79.online/live/59ad8c73feb6/3c0ac8cfe4/1460841.ts.
Error opening input files: Server returned 4XX Client Error, but not one of 40{0,1,3,4}
[Mon Jan 26 14:21:33 EAT 2026] Stream crashed (Exit: 8). Restarting...
[Mon Jan 26 14:21:38 EAT 2026] Starting Stream (Attempt 6)...
[in#0 @ 0x5e86be802fc0] Error opening input: Server returned 4XX Client Error, but not one of 40{0,1,3,4}
Error opening input file http://cf.live79.online/live/59ad8c73feb6/3c0ac8cfe4/1460841.ts.
Error opening input files: Server returned 4XX Client Error, but not one of 40{0,1,3,4}
[Mon Jan 26 14:21:38 EAT 2026] Stream crashed (Exit: 8). Restarting...
[Mon Jan 26 14:21:43 EAT 2026] Starting Stream (Attempt 7)...
[in#0 @ 0x5f22626a6fc0] Error opening input: Server returned 4XX Client Error, but not one of 40{0,1,3,4}
Error opening input file http://cf.live79.online/live/59ad8c73feb6/3c0ac8cfe4/1460841.ts.
Error opening input files: Server returned 4XX Client Error, but not one of 40{0,1,3,4}
[Mon Jan 26 14:21:44 EAT 2026] Stream crashed (Exit: 8). Restarting...
[Mon Jan 26 14:21:49 EAT 2026] Starting Stream (Attempt 8)...
[in#0 @ 0x622f32fa7fc0] Error opening input: Server returned 4XX Client Error, but not one of 40{0,1,3,4}
Error opening input file http://cf.live79.online/live/59ad8c73feb6/3c0ac8cfe4/1460841.ts.
Error opening input files: Server returned 4XX Client Error, but not one of 40{0,1,3,4}
[Mon Jan 26 14:21:49 EAT 2026] Stream crashed (Exit: 8). Restarting...
[Mon Jan 26 14:21:54 EAT 2026] Starting Stream (Attempt 9)...
[in#0 @ 0x587bfae76fc0] Error opening input: Server returned 4XX Client Error, but not one of 40{0,1,3,4}
Error opening input file http://cf.live79.online/live/59ad8c73feb6/3c0ac8cfe4/1460841.ts.
Error opening input files: Server returned 4XX Client Error, but not one of 40{0,1,3,4}
[Mon Jan 26 14:21:54 EAT 2026] Stream crashed (Exit: 8). Restarting...
[Mon Jan 26 14:21:59 EAT 2026] Starting Stream (Attempt 10)...
[in#0 @ 0x55d4d0acffc0] Error opening input: Server returned 4XX Client Error, but not one of 40{0,1,3,4}
Error opening input file http://cf.live79.online/live/59ad8c73feb6/3c0ac8cfe4/1460841.ts.
Error opening input files: Server returned 4XX Client Error, but not one of 40{0,1,3,4}
[Mon Jan 26 14:21:59 EAT 2026] Stream crashed (Exit: 8). Restarting...
[Mon Jan 26 14:22:04 EAT 2026] Starting Stream (Attempt 11)...
[in#0 @ 0x5885e56e7fc0] Error opening input: Server returned 4XX Client Error, but not one of 40{0,1,3,4}
Error opening input file http://cf.live79.online/live/59ad8c73feb6/3c0ac8cfe4/1460841.ts.
Error opening input files: Server returned 4XX Client Error, but not one of 40{0,1,3,4}
[Mon Jan 26 14:22:04 EAT 2026] Stream crashed (Exit: 8). Restarting...
[Mon Jan 26 14:22:09 EAT 2026] Starting Stream (Attempt 12)...
[in#0 @ 0x5d1d8e33bfc0] Error opening input: Server returned 4XX Client Error, but not one of 40{0,1,3,4}
Error opening input file http://cf.live79.online/live/59ad8c73feb6/3c0ac8cfe4/1460841.ts.
Error opening input files: Server returned 4XX Client Error, but not one of 40{0,1,3,4}
[Mon Jan 26 14:22:09 EAT 2026] Stream crashed (Exit: 8). Restarting...
[Mon Jan 26 14:22:14 EAT 2026] Starting Stream (Attempt 13)...
[in#0 @ 0x6532866a4fc0] Error opening input: Server returned 4XX Client Error, but not one of 40{0,1,3,4}
Error opening input file http://cf.live79.online/live/59ad8c73feb6/3c0ac8cfe4/1460841.ts.
Error opening input files: Server returned 4XX Client Error, but not one of 40{0,1,3,4}
[Mon Jan 26 14:22:14 EAT 2026] Stream crashed (Exit: 8). Restarting...
[Mon Jan 26 14:22:19 EAT 2026] Starting Stream (Attempt 14)...
[in#0 @ 0x575492285fc0] Error opening input: Server returned 4XX Client Error, but not one of 40{0,1,3,4}
Error opening input file http://cf.live79.online/live/59ad8c73feb6/3c0ac8cfe4/1460841.ts.
Error opening input files: Server returned 4XX Client Error, but not one of 40{0,1,3,4}
[Mon Jan 26 14:22:19 EAT 2026] Stream crashed (Exit: 8). Restarting...
[Mon Jan 26 14:22:24 EAT 2026] Starting Stream (Attempt 15)...
[in#0 @ 0x5f188245dfc0] Error opening input: Server returned 4XX Client Error, but not one of 40{0,1,3,4}
Error opening input file http://cf.live79.online/live/59ad8c73feb6/3c0ac8cfe4/1460841.ts.
Error opening input files: Server returned 4XX Client Error, but not one of 40{0,1,3,4}
[Mon Jan 26 14:22:24 EAT 2026] Stream crashed (Exit: 8). Restarting...
[Mon Jan 26 14:22:29 EAT 2026] Starting Stream (Attempt 16)...
[in#0 @ 0x5dac55858fc0] Error opening input: Server returned 4XX Client Error, but not one of 40{0,1,3,4}
Error opening input file http://cf.live79.online/live/59ad8c73feb6/3c0ac8cfe4/1460841.ts.
Error opening input files: Server returned 4XX Client Error, but not one of 40{0,1,3,4}
[Mon Jan 26 14:22:30 EAT 2026] Stream crashed (Exit: 8). Restarting...
[Mon Jan 26 14:22:35 EAT 2026] Starting Stream (Attempt 17)...
[in#0 @ 0x57299afe5fc0] Error opening input: Server returned 4XX Client Error, but not one of 40{0,1,3,4}
Error opening input file http://cf.live79.online/live/59ad8c73feb6/3c0ac8cfe4/1460841.ts.
Error opening input files: Server returned 4XX Client Error, but not one of 40{0,1,3,4}
[Mon Jan 26 14:22:35 EAT 2026] Stream crashed (Exit: 8). Restarting...
[Mon Jan 26 14:22:40 EAT 2026] Starting Stream (Attempt 18)...
[in#0 @ 0x5711cf98efc0] Error opening input: Server returned 4XX Client Error, but not one of 40{0,1,3,4}
Error opening input file http://cf.live79.online/live/59ad8c73feb6/3c0ac8cfe4/1460841.ts.
Error opening input files: Server returned 4XX Client Error, but not one of 40{0,1,3,4}
[Mon Jan 26 14:22:40 EAT 2026] Stream crashed (Exit: 8). Restarting...
[Mon Jan 26 14:22:45 EAT 2026] Starting Stream (Attempt 19)...
[in#0 @ 0x58fd36d68fc0] Error opening input: Server returned 4XX Client Error, but not one of 40{0,1,3,4}
Error opening input file http://cf.live79.online/live/59ad8c73feb6/3c0ac8cfe4/1460841.ts.
Error opening input files: Server returned 4XX Client Error, but not one of 40{0,1,3,4}
[Mon Jan 26 14:22:45 EAT 2026] Stream crashed (Exit: 8). Restarting...
[Mon Jan 26 14:22:50 EAT 2026] Starting Stream (Attempt 20)...
[in#0 @ 0x6229b83e6fc0] Error opening input: Server returned 4XX Client Error, but not one of 40{0,1,3,4}
Error opening input file http://cf.live79.online/live/59ad8c73feb6/3c0ac8cfe4/1460841.ts.
Error opening input files: Server returned 4XX Client Error, but not one of 40{0,1,3,4}
[Mon Jan 26 14:22:50 EAT 2026] Stream crashed (Exit: 8). Restarting...
[Mon Jan 26 14:22:55 EAT 2026] Starting Stream (Attempt 21)...
[in#0 @ 0x64332aee0fc0] Error opening input: Server returned 4XX Client Error, but not one of 40{0,1,3,4}
Error opening input file http://cf.live79.online/live/59ad8c73feb6/3c0ac8cfe4/1460841.ts.
Error opening input files: Server returned 4XX Client Error, but not one of 40{0,1,3,4}
[Mon Jan 26 14:22:55 EAT 2026] Stream crashed (Exit: 8). Restarting...
[Mon Jan 26 14:23:00 EAT 2026] Starting Stream (Attempt 22)...
[in#0 @ 0x5b4d60b6efc0] Error opening input: Server returned 4XX Client Error, but not one of 40{0,1,3,4}
Error opening input file http://cf.live79.online/live/59ad8c73feb6/3c0ac8cfe4/1460841.ts.
Error opening input files: Server returned 4XX Client Error, but not one of 40{0,1,3,4}
[Mon Jan 26 14:23:00 EAT 2026] Stream crashed (Exit: 8). Restarting...
[Mon Jan 26 14:23:05 EAT 2026] Starting Stream (Attempt 23)...
[in#0 @ 0x5613f0984fc0] Error opening input: Server returned 4XX Client Error, but not one of 40{0,1,3,4}
Error opening input file http://cf.live79.online/live/59ad8c73feb6/3c0ac8cfe4/1460841.ts.
Error opening input files: Server returned 4XX Client Error, but not one of 40{0,1,3,4}
[Mon Jan 26 14:23:05 EAT 2026] Stream crashed (Exit: 8). Restarting...
[Mon Jan 26 14:23:10 EAT 2026] Starting Stream (Attempt 24)...
[in#0 @ 0x60b33f785fc0] Error opening input: Server returned 4XX Client Error, but not one of 40{0,1,3,4}
Error opening input file http://cf.live79.online/live/59ad8c73feb6/3c0ac8cfe4/1460841.ts.
Error opening input files: Server returned 4XX Client Error, but not one of 40{0,1,3,4}
[Mon Jan 26 14:23:10 EAT 2026] Stream crashed (Exit: 8). Restarting...
[Mon Jan 26 14:23:15 EAT 2026] Starting Stream (Attempt 25)...
[in#0 @ 0x58f1a2be7fc0] Error opening input: Server returned 4XX Client Error, but not one of 40{0,1,3,4}
Error opening input file http://cf.live79.online/live/59ad8c73feb6/3c0ac8cfe4/1460841.ts.
Error opening input files: Server returned 4XX Client Error, but not one of 40{0,1,3,4}
[Mon Jan 26 14:23:16 EAT 2026] Stream crashed (Exit: 8). Restarting...
[Mon Jan 26 14:23:21 EAT 2026] Starting Stream (Attempt 26)...
[in#0 @ 0x5de66869afc0] Error opening input: Server returned 4XX Client Error, but not one of 40{0,1,3,4}
Error opening input file http://cf.live79.online/live/59ad8c73feb6/3c0ac8cfe4/1460841.ts.
Error opening input files: Server returned 4XX Client Error, but not one of 40{0,1,3,4}
[Mon Jan 26 14:23:21 EAT 2026] Stream crashed (Exit: 8). Restarting...
[Mon Jan 26 14:23:26 EAT 2026] Starting Stream (Attempt 27)...
[in#0 @ 0x5c041f036fc0] Error opening input: Server returned 4XX Client Error, but not one of 40{0,1,3,4}
Error opening input file http://cf.live79.online/live/59ad8c73feb6/3c0ac8cfe4/1460841.ts.
Error opening input files: Server returned 4XX Client Error, but not one of 40{0,1,3,4}
[Mon Jan 26 14:23:26 EAT 2026] Stream crashed (Exit: 8). Restarting...
[Mon Jan 26 14:23:31 EAT 2026] Starting Stream (Attempt 28)...
[in#0 @ 0x5836fb6d3fc0] Error opening input: Server returned 4XX Client Error, but not one of 40{0,1,3,4}
Error opening input file http://cf.live79.online/live/59ad8c73feb6/3c0ac8cfe4/1460841.ts.
Error opening input files: Server returned 4XX Client Error, but not one of 40{0,1,3,4}
[Mon Jan 26 14:23:31 EAT 2026] Stream crashed (Exit: 8). Restarting...
[Mon Jan 26 14:23:36 EAT 2026] Starting Stream (Attempt 29)...
[in#0 @ 0x61960158ffc0] Error opening input: Server returned 4XX Client Error, but not one of 40{0,1,3,4}
Error opening input file http://cf.live79.online/live/59ad8c73feb6/3c0ac8cfe4/1460841.ts.
Error opening input files: Server returned 4XX Client Error, but not one of 40{0,1,3,4}
[Mon Jan 26 14:23:36 EAT 2026] Stream crashed (Exit: 8). Restarting...
[Mon Jan 26 14:23:41 EAT 2026] Starting Stream (Attempt 30)...
[in#0 @ 0x5e9e6be8dfc0] Error opening input: Server returned 4XX Client Error, but not one of 40{0,1,3,4}
Error opening input file http://cf.live79.online/live/59ad8c73feb6/3c0ac8cfe4/1460841.ts.
Error opening input files: Server returned 4XX Client Error, but not one of 40{0,1,3,4}
[Mon Jan 26 14:23:41 EAT 2026] Stream crashed (Exit: 8). Restarting...
[Mon Jan 26 14:23:46 EAT 2026] Starting Stream (Attempt 31)...
[in#0 @ 0x5cb5aa781fc0] Error opening input: Server returned 4XX Client Error, but not one of 40{0,1,3,4}
Error opening input file http://cf.live79.online/live/59ad8c73feb6/3c0ac8cfe4/1460841.ts.
Error opening input files: Server returned 4XX Client Error, but not one of 40{0,1,3,4}
[Mon Jan 26 14:23:46 EAT 2026] Stream crashed (Exit: 8). Restarting...
[Mon Jan 26 14:23:51 EAT 2026] Starting Stream (Attempt 32)...
[in#0 @ 0x55c55392ffc0] Error opening input: Server returned 4XX Client Error, but not one of 40{0,1,3,4}
Error opening input file http://cf.live79.online/live/59ad8c73feb6/3c0ac8cfe4/1460841.ts.
Error opening input files: Server returned 4XX Client Error, but not one of 40{0,1,3,4}
[Mon Jan 26 14:23:51 EAT 2026] Stream crashed (Exit: 8). Restarting...
[Mon Jan 26 14:23:56 EAT 2026] Starting Stream (Attempt 33)...
[in#0 @ 0x55d772cbdfc0] Error opening input: Server returned 4XX Client Error, but not one of 40{0,1,3,4}
Error opening input file http://cf.live79.online/live/59ad8c73feb6/3c0ac8cfe4/1460841.ts.
Error opening input files: Server returned 4XX Client Error, but not one of 40{0,1,3,4}
[Mon Jan 26 14:23:56 EAT 2026] Stream crashed (Exit: 8). Restarting...
[Mon Jan 26 14:24:01 EAT 2026] Starting Stream (Attempt 34)...
[in#0 @ 0x62120edd2fc0] Error opening input: Server returned 4XX Client Error, but not one of 40{0,1,3,4}
Error opening input file http://cf.live79.online/live/59ad8c73feb6/3c0ac8cfe4/1460841.ts.
Error opening input files: Server returned 4XX Client Error, but not one of 40{0,1,3,4}
[Mon Jan 26 14:24:02 EAT 2026] Stream crashed (Exit: 8). Restarting...
[Mon Jan 26 14:24:07 EAT 2026] Starting Stream (Attempt 35)...
[in#0 @ 0x5771bd9b4fc0] Error opening input: Server returned 4XX Client Error, but not one of 40{0,1,3,4}
Error opening input file http://cf.live79.online/live/59ad8c73feb6/3c0ac8cfe4/1460841.ts.
Error opening input files: Server returned 4XX Client Error, but not one of 40{0,1,3,4}
[Mon Jan 26 14:24:07 EAT 2026] Stream crashed (Exit: 8). Restarting...
[Mon Jan 26 14:24:12 EAT 2026] Starting Stream (Attempt 36)...
[in#0 @ 0x5b54e700ffc0] Error opening input: Server returned 4XX Client Error, but not one of 40{0,1,3,4}
Error opening input file http://cf.live79.online/live/59ad8c73feb6/3c0ac8cfe4/1460841.ts.
Error opening input files: Server returned 4XX Client Error, but not one of 40{0,1,3,4}
[Mon Jan 26 14:24:12 EAT 2026] Stream crashed (Exit: 8). Restarting...
[Mon Jan 26 14:24:17 EAT 2026] Starting Stream (Attempt 37)...
[in#0 @ 0x56de95a3ffc0] Error opening input: Server returned 4XX Client Error, but not one of 40{0,1,3,4}
Error opening input file http://cf.live79.online/live/59ad8c73feb6/3c0ac8cfe4/1460841.ts.
Error opening input files: Server returned 4XX Client Error, but not one of 40{0,1,3,4}
[Mon Jan 26 14:24:17 EAT 2026] Stream crashed (Exit: 8). Restarting...
[Mon Jan 26 14:24:22 EAT 2026] Starting Stream (Attempt 38)...
[in#0 @ 0x56ab77ffcfc0] Error opening input: Server returned 4XX Client Error, but not one of 40{0,1,3,4}
Error opening input file http://cf.live79.online/live/59ad8c73feb6/3c0ac8cfe4/1460841.ts.
Error opening input files: Server returned 4XX Client Error, but not one of 40{0,1,3,4}
[Mon Jan 26 14:24:22 EAT 2026] Stream crashed (Exit: 8). Restarting...
[Mon Jan 26 14:24:27 EAT 2026] Starting Stream (Attempt 39)...
[in#0 @ 0x55f48a7bafc0] Error opening input: Server returned 4XX Client Error, but not one of 40{0,1,3,4}
Error opening input file http://cf.live79.online/live/59ad8c73feb6/3c0ac8cfe4/1460841.ts.
Error opening input files: Server returned 4XX Client Error, but not one of 40{0,1,3,4}
[Mon Jan 26 14:24:28 EAT 2026] Stream crashed (Exit: 8). Restarting...
[Mon Jan 26 14:24:33 EAT 2026] Starting Stream (Attempt 40)...
[in#0 @ 0x5eda7ffe6fc0] Error opening input: Server returned 4XX Client Error, but not one of 40{0,1,3,4}
Error opening input file http://cf.live79.online/live/59ad8c73feb6/3c0ac8cfe4/1460841.ts.
Error opening input files: Server returned 4XX Client Error, but not one of 40{0,1,3,4}
[Mon Jan 26 14:24:33 EAT 2026] Stream crashed (Exit: 8). Restarting...
[Mon Jan 26 14:24:38 EAT 2026] Starting Stream (Attempt 41)...
[in#0 @ 0x59812f952fc0] Error opening input: Server returned 4XX Client Error, but not one of 40{0,1,3,4}
Error opening input file http://cf.live79.online/live/59ad8c73feb6/3c0ac8cfe4/1460841.ts.
Error opening input files: Server returned 4XX Client Error, but not one of 40{0,1,3,4}
[Mon Jan 26 14:24:38 EAT 2026] Stream crashed (Exit: 8). Restarting...
[Mon Jan 26 14:24:43 EAT 2026] Starting Stream (Attempt 42)...
[in#0 @ 0x56fe63d2afc0] Error opening input: Server returned 4XX Client Error, but not one of 40{0,1,3,4}
Error opening input file http://cf.live79.online/live/59ad8c73feb6/3c0ac8cfe4/1460841.ts.
Error opening input files: Server returned 4XX Client Error, but not one of 40{0,1,3,4}
[Mon Jan 26 14:24:43 EAT 2026] Stream crashed (Exit: 8). Restarting...
[Mon Jan 26 14:24:48 EAT 2026] Starting Stream (Attempt 43)...
[in#0 @ 0x5bdd1fba9fc0] Error opening input: Server returned 4XX Client Error, but not one of 40{0,1,3,4}
Error opening input file http://cf.live79.online/live/59ad8c73feb6/3c0ac8cfe4/1460841.ts.
Error opening input files: Server returned 4XX Client Error, but not one of 40{0,1,3,4}
[Mon Jan 26 14:24:48 EAT 2026] Stream crashed (Exit: 8). Restarting...
[Mon Jan 26 14:24:53 EAT 2026] Starting Stream (Attempt 44)...
[in#0 @ 0x5d11f75e8fc0] Error opening input: Server returned 4XX Client Error, but not one of 40{0,1,3,4}
Error opening input file http://cf.live79.online/live/59ad8c73feb6/3c0ac8cfe4/1460841.ts.
Error opening input files: Server returned 4XX Client Error, but not one of 40{0,1,3,4}
[Mon Jan 26 14:24:53 EAT 2026] Stream crashed (Exit: 8). Restarting...
[Mon Jan 26 14:24:58 EAT 2026] Starting Stream (Attempt 45)...
[in#0 @ 0x610e5392bfc0] Error opening input: Server returned 4XX Client Error, but not one of 40{0,1,3,4}
Error opening input file http://cf.live79.online/live/59ad8c73feb6/3c0ac8cfe4/1460841.ts.
Error opening input files: Server returned 4XX Client Error, but not one of 40{0,1,3,4}
[Mon Jan 26 14:24:58 EAT 2026] Stream crashed (Exit: 8). Restarting...
[Mon Jan 26 14:25:03 EAT 2026] Starting Stream (Attempt 46)...
[in#0 @ 0x643ffb1aafc0] Error opening input: Server returned 4XX Client Error, but not one of 40{0,1,3,4}
Error opening input file http://cf.live79.online/live/59ad8c73feb6/3c0ac8cfe4/1460841.ts.
Error opening input files: Server returned 4XX Client Error, but not one of 40{0,1,3,4}
[Mon Jan 26 14:25:03 EAT 2026] Stream crashed (Exit: 8). Restarting...
[Mon Jan 26 14:25:08 EAT 2026] Starting Stream (Attempt 47)...
[in#0 @ 0x6114c795afc0] Error opening input: Server returned 4XX Client Error, but not one of 40{0,1,3,4}
Error opening input file http://cf.live79.online/live/59ad8c73feb6/3c0ac8cfe4/1460841.ts.
Error opening input files: Server returned 4XX Client Error, but not one of 40{0,1,3,4}
[Mon Jan 26 14:25:08 EAT 2026] Stream crashed (Exit: 8). Restarting...
[Mon Jan 26 14:25:13 EAT 2026] Starting Stream (Attempt 48)...
[in#0 @ 0x590250060fc0] Error opening input: Server returned 4XX Client Error, but not one of 40{0,1,3,4}
Error opening input file http://cf.live79.online/live/59ad8c73feb6/3c0ac8cfe4/1460841.ts.
Error opening input files: Server returned 4XX Client Error, but not one of 40{0,1,3,4}
[Mon Jan 26 14:25:14 EAT 2026] Stream crashed (Exit: 8). Restarting...
[Mon Jan 26 14:25:19 EAT 2026] Starting Stream (Attempt 49)...
[in#0 @ 0x61c02e534fc0] Error opening input: Server returned 4XX Client Error, but not one of 40{0,1,3,4}
Error opening input file http://cf.live79.online/live/59ad8c73feb6/3c0ac8cfe4/1460841.ts.
Error opening input files: Server returned 4XX Client Error, but not one of 40{0,1,3,4}
[Mon Jan 26 14:25:19 EAT 2026] Stream crashed (Exit: 8). Restarting...
[Mon Jan 26 14:25:24 EAT 2026] Starting Stream (Attempt 50)...
[in#0 @ 0x63ab315bafc0] Error opening input: Server returned 4XX Client Error, but not one of 40{0,1,3,4}
Error opening input file http://cf.live79.online/live/59ad8c73feb6/3c0ac8cfe4/1460841.ts.
Error opening input files: Server returned 4XX Client Error, but not one of 40{0,1,3,4}
[Mon Jan 26 14:25:24 EAT 2026] Stream crashed (Exit: 8). Restarting...
[Mon Jan 26 14:25:29 EAT 2026] Starting Stream (Attempt 51)...
[in#0 @ 0x6108ab07dfc0] Error opening input: Server returned 4XX Client Error, but not one of 40{0,1,3,4}
Error opening input file http://cf.live79.online/live/59ad8c73feb6/3c0ac8cfe4/1460841.ts.
Error opening input files: Server returned 4XX Client Error, but not one of 40{0,1,3,4}
[Mon Jan 26 14:25:29 EAT 2026] Stream crashed (Exit: 8). Restarting...
[Mon Jan 26 14:25:34 EAT 2026] Starting Stream (Attempt 52)...
[in#0 @ 0x5ab6d7b70fc0] Error opening input: Server returned 4XX Client Error, but not one of 40{0,1,3,4}
Error opening input file http://cf.live79.online/live/59ad8c73feb6/3c0ac8cfe4/1460841.ts.
Error opening input files: Server returned 4XX Client Error, but not one of 40{0,1,3,4}
[Mon Jan 26 14:25:34 EAT 2026] Stream crashed (Exit: 8). Restarting...
[Mon Jan 26 14:25:39 EAT 2026] Starting Stream (Attempt 53)...
[in#0 @ 0x64f94202bfc0] Error opening input: Server returned 4XX Client Error, but not one of 40{0,1,3,4}
Error opening input file http://cf.live79.online/live/59ad8c73feb6/3c0ac8cfe4/1460841.ts.
Error opening input files: Server returned 4XX Client Error, but not one of 40{0,1,3,4}
[Mon Jan 26 14:25:39 EAT 2026] Stream crashed (Exit: 8). Restarting...
[Mon Jan 26 14:25:44 EAT 2026] Starting Stream (Attempt 54)...
[in#0 @ 0x5de393e00fc0] Error opening input: Server returned 4XX Client Error, but not one of 40{0,1,3,4}
Error opening input file http://cf.live79.online/live/59ad8c73feb6/3c0ac8cfe4/1460841.ts.
Error opening input files: Server returned 4XX Client Error, but not one of 40{0,1,3,4}
[Mon Jan 26 14:25:44 EAT 2026] Stream crashed (Exit: 8). Restarting...
[Mon Jan 26 14:25:49 EAT 2026] Starting Stream (Attempt 55)...
[in#0 @ 0x56d12199afc0] Error opening input: Server returned 4XX Client Error, but not one of 40{0,1,3,4}
Error opening input file http://cf.live79.online/live/59ad8c73feb6/3c0ac8cfe4/1460841.ts.
Error opening input files: Server returned 4XX Client Error, but not one of 40{0,1,3,4}
[Mon Jan 26 14:25:49 EAT 2026] Stream crashed (Exit: 8). Restarting...
[Mon Jan 26 14:25:54 EAT 2026] Starting Stream (Attempt 56)...
[in#0 @ 0x55bd285fdfc0] Error opening input: Server returned 4XX Client Error, but not one of 40{0,1,3,4}
Error opening input file http://cf.live79.online/live/59ad8c73feb6/3c0ac8cfe4/1460841.ts.
Error opening input files: Server returned 4XX Client Error, but not one of 40{0,1,3,4}
[Mon Jan 26 14:25:54 EAT 2026] Stream crashed (Exit: 8). Restarting...
[Mon Jan 26 14:25:59 EAT 2026] Starting Stream (Attempt 57)...
[in#0 @ 0x5b6bacef2fc0] Error opening input: Server returned 4XX Client Error, but not one of 40{0,1,3,4}
Error opening input file http://cf.live79.online/live/59ad8c73feb6/3c0ac8cfe4/1460841.ts.
Error opening input files: Server returned 4XX Client Error, but not one of 40{0,1,3,4}
[Mon Jan 26 14:26:00 EAT 2026] Stream crashed (Exit: 8). Restarting...
[Mon Jan 26 14:26:05 EAT 2026] Starting Stream (Attempt 58)...
[in#0 @ 0x56399904efc0] Error opening input: Server returned 4XX Client Error, but not one of 40{0,1,3,4}
Error opening input file http://cf.live79.online/live/59ad8c73feb6/3c0ac8cfe4/1460841.ts.
Error opening input files: Server returned 4XX Client Error, but not one of 40{0,1,3,4}
[Mon Jan 26 14:26:05 EAT 2026] Stream crashed (Exit: 8). Restarting...
[Mon Jan 26 14:26:10 EAT 2026] Starting Stream (Attempt 59)...
[in#0 @ 0x63332017afc0] Error opening input: Server returned 4XX Client Error, but not one of 40{0,1,3,4}
Error opening input file http://cf.live79.online/live/59ad8c73feb6/3c0ac8cfe4/1460841.ts.
Error opening input files: Server returned 4XX Client Error, but not one of 40{0,1,3,4}
[Mon Jan 26 14:26:10 EAT 2026] Stream crashed (Exit: 8). Restarting...
[Mon Jan 26 14:26:15 EAT 2026] Starting Stream (Attempt 60)...
[in#0 @ 0x5bf7c37e5fc0] Error opening input: Server returned 4XX Client Error, but not one of 40{0,1,3,4}
Error opening input file http://cf.live79.online/live/59ad8c73feb6/3c0ac8cfe4/1460841.ts.
Error opening input files: Server returned 4XX Client Error, but not one of 40{0,1,3,4}
[Mon Jan 26 14:26:15 EAT 2026] Stream crashed (Exit: 8). Restarting...
[Mon Jan 26 14:26:20 EAT 2026] Starting Stream (Attempt 61)...
[in#0 @ 0x576f2d8cafc0] Error opening input: Server returned 4XX Client Error, but not one of 40{0,1,3,4}
Error opening input file http://cf.live79.online/live/59ad8c73feb6/3c0ac8cfe4/1460841.ts.
Error opening input files: Server returned 4XX Client Error, but not one of 40{0,1,3,4}
[Mon Jan 26 14:26:20 EAT 2026] Stream crashed (Exit: 8). Restarting...
[Mon Jan 26 14:26:25 EAT 2026] Starting Stream (Attempt 62)...
[in#0 @ 0x631809d6dfc0] Error opening input: Server returned 4XX Client Error, but not one of 40{0,1,3,4}
Error opening input file http://cf.live79.online/live/59ad8c73feb6/3c0ac8cfe4/1460841.ts.
Error opening input files: Server returned 4XX Client Error, but not one of 40{0,1,3,4}
[Mon Jan 26 14:26:25 EAT 2026] Stream crashed (Exit: 8). Restarting...
[Mon Jan 26 14:26:30 EAT 2026] Starting Stream (Attempt 63)...
[in#0 @ 0x60e7464f4fc0] Error opening input: Server returned 4XX Client Error, but not one of 40{0,1,3,4}
Error opening input file http://cf.live79.online/live/59ad8c73feb6/3c0ac8cfe4/1460841.ts.
Error opening input files: Server returned 4XX Client Error, but not one of 40{0,1,3,4}
[Mon Jan 26 14:26:30 EAT 2026] Stream crashed (Exit: 8). Restarting...
[Mon Jan 26 14:26:35 EAT 2026] Starting Stream (Attempt 64)...
[in#0 @ 0x63b43352ffc0] Error opening input: Server returned 4XX Client Error, but not one of 40{0,1,3,4}
Error opening input file http://cf.live79.online/live/59ad8c73feb6/3c0ac8cfe4/1460841.ts.
Error opening input files: Server returned 4XX Client Error, but not one of 40{0,1,3,4}
[Mon Jan 26 14:26:35 EAT 2026] Stream crashed (Exit: 8). Restarting...
[Mon Jan 26 14:26:40 EAT 2026] Starting Stream (Attempt 65)...
[in#0 @ 0x5b7db110ffc0] Error opening input: Server returned 4XX Client Error, but not one of 40{0,1,3,4}
Error opening input file http://cf.live79.online/live/59ad8c73feb6/3c0ac8cfe4/1460841.ts.
Error opening input files: Server returned 4XX Client Error, but not one of 40{0,1,3,4}
[Mon Jan 26 14:26:41 EAT 2026] Stream crashed (Exit: 8). Restarting...
[Mon Jan 26 14:26:46 EAT 2026] Starting Stream (Attempt 66)...
[in#0 @ 0x603697f0dfc0] Error opening input: Server returned 4XX Client Error, but not one of 40{0,1,3,4}
Error opening input file http://cf.live79.online/live/59ad8c73feb6/3c0ac8cfe4/1460841.ts.
Error opening input files: Server returned 4XX Client Error, but not one of 40{0,1,3,4}
[Mon Jan 26 14:26:46 EAT 2026] Stream crashed (Exit: 8). Restarting...
[Mon Jan 26 14:26:51 EAT 2026] Starting Stream (Attempt 67)...
[in#0 @ 0x5bd8ea0b0fc0] Error opening input: Server returned 4XX Client Error, but not one of 40{0,1,3,4}
Error opening input file http://cf.live79.online/live/59ad8c73feb6/3c0ac8cfe4/1460841.ts.
Error opening input files: Server returned 4XX Client Error, but not one of 40{0,1,3,4}
[Mon Jan 26 14:26:51 EAT 2026] Stream crashed (Exit: 8). Restarting...
[Mon Jan 26 14:26:56 EAT 2026] Starting Stream (Attempt 68)...
[in#0 @ 0x646ac71c6fc0] Error opening input: Server returned 4XX Client Error, but not one of 40{0,1,3,4}
Error opening input file http://cf.live79.online/live/59ad8c73feb6/3c0ac8cfe4/1460841.ts.
Error opening input files: Server returned 4XX Client Error, but not one of 40{0,1,3,4}
[Mon Jan 26 14:26:56 EAT 2026] Stream crashed (Exit: 8). Restarting...
[Mon Jan 26 14:27:01 EAT 2026] Starting Stream (Attempt 69)...
[in#0 @ 0x61da66dcbfc0] Error opening input: Server returned 4XX Client Error, but not one of 40{0,1,3,4}
Error opening input file http://cf.live79.online/live/59ad8c73feb6/3c0ac8cfe4/1460841.ts.
Error opening input files: Server returned 4XX Client Error, but not one of 40{0,1,3,4}
[Mon Jan 26 14:27:01 EAT 2026] Stream crashed (Exit: 8). Restarting...
[Mon Jan 26 14:27:06 EAT 2026] Starting Stream (Attempt 70)...
[in#0 @ 0x592eff9d5fc0] Error opening input: Server returned 4XX Client Error, but not one of 40{0,1,3,4}
Error opening input file http://cf.live79.online/live/59ad8c73feb6/3c0ac8cfe4/1460841.ts.
Error opening input files: Server returned 4XX Client Error, but not one of 40{0,1,3,4}
[Mon Jan 26 14:27:07 EAT 2026] Stream crashed (Exit: 8). Restarting...
[Mon Jan 26 14:27:12 EAT 2026] Starting Stream (Attempt 71)...
[in#0 @ 0x5c2152378fc0] Error opening input: Server returned 4XX Client Error, but not one of 40{0,1,3,4}
Error opening input file http://cf.live79.online/live/59ad8c73feb6/3c0ac8cfe4/1460841.ts.
Error opening input files: Server returned 4XX Client Error, but not one of 40{0,1,3,4}
[Mon Jan 26 14:27:12 EAT 2026] Stream crashed (Exit: 8). Restarting...
[Mon Jan 26 14:27:17 EAT 2026] Starting Stream (Attempt 72)...
[in#0 @ 0x59a540f2efc0] Error opening input: Server returned 4XX Client Error, but not one of 40{0,1,3,4}
Error opening input file http://cf.live79.online/live/59ad8c73feb6/3c0ac8cfe4/1460841.ts.
Error opening input files: Server returned 4XX Client Error, but not one of 40{0,1,3,4}
[Mon Jan 26 14:27:17 EAT 2026] Stream crashed (Exit: 8). Restarting...
[Mon Jan 26 14:27:22 EAT 2026] Starting Stream (Attempt 73)...
[in#0 @ 0x624cab438fc0] Error opening input: Server returned 4XX Client Error, but not one of 40{0,1,3,4}
Error opening input file http://cf.live79.online/live/59ad8c73feb6/3c0ac8cfe4/1460841.ts.
Error opening input files: Server returned 4XX Client Error, but not one of 40{0,1,3,4}
[Mon Jan 26 14:27:22 EAT 2026] Stream crashed (Exit: 8). Restarting...
[Mon Jan 26 14:27:27 EAT 2026] Starting Stream (Attempt 74)...
[in#0 @ 0x5d35634dffc0] Error opening input: Server returned 4XX Client Error, but not one of 40{0,1,3,4}
Error opening input file http://cf.live79.online/live/59ad8c73feb6/3c0ac8cfe4/1460841.ts.
Error opening input files: Server returned 4XX Client Error, but not one of 40{0,1,3,4}
[Mon Jan 26 14:27:27 EAT 2026] Stream crashed (Exit: 8). Restarting...
[Mon Jan 26 14:27:32 EAT 2026] Starting Stream (Attempt 75)...
[in#0 @ 0x61760a76cfc0] Error opening input: Server returned 4XX Client Error, but not one of 40{0,1,3,4}
Error opening input file http://cf.live79.online/live/59ad8c73feb6/3c0ac8cfe4/1460841.ts.
Error opening input files: Server returned 4XX Client Error, but not one of 40{0,1,3,4}
[Mon Jan 26 14:27:32 EAT 2026] Stream crashed (Exit: 8). Restarting...
[Mon Jan 26 14:27:37 EAT 2026] Starting Stream (Attempt 76)...
[in#0 @ 0x55ebc2b94fc0] Error opening input: Server returned 4XX Client Error, but not one of 40{0,1,3,4}
Error opening input file http://cf.live79.online/live/59ad8c73feb6/3c0ac8cfe4/1460841.ts.
Error opening input files: Server returned 4XX Client Error, but not one of 40{0,1,3,4}
[Mon Jan 26 14:27:37 EAT 2026] Stream crashed (Exit: 8). Restarting...
[Mon Jan 26 14:27:42 EAT 2026] Starting Stream (Attempt 77)...
[in#0 @ 0x607bbee5bfc0] Error opening input: Server returned 4XX Client Error, but not one of 40{0,1,3,4}
Error opening input file http://cf.live79.online/live/59ad8c73feb6/3c0ac8cfe4/1460841.ts.
Error opening input files: Server returned 4XX Client Error, but not one of 40{0,1,3,4}
[Mon Jan 26 14:27:42 EAT 2026] Stream crashed (Exit: 8). Restarting...
[Mon Jan 26 14:27:47 EAT 2026] Starting Stream (Attempt 78)...
[in#0 @ 0x6431e0ab7fc0] Error opening input: Server returned 4XX Client Error, but not one of 40{0,1,3,4}
Error opening input file http://cf.live79.online/live/59ad8c73feb6/3c0ac8cfe4/1460841.ts.
Error opening input files: Server returned 4XX Client Error, but not one of 40{0,1,3,4}
[Mon Jan 26 14:27:47 EAT 2026] Stream crashed (Exit: 8). Restarting...
[Mon Jan 26 14:27:52 EAT 2026] Starting Stream (Attempt 79)...
[in#0 @ 0x5617d0158fc0] Error opening input: Server returned 4XX Client Error, but not one of 40{0,1,3,4}
Error opening input file http://cf.live79.online/live/59ad8c73feb6/3c0ac8cfe4/1460841.ts.
Error opening input files: Server returned 4XX Client Error, but not one of 40{0,1,3,4}
[Mon Jan 26 14:27:53 EAT 2026] Stream crashed (Exit: 8). Restarting...
[Mon Jan 26 14:27:58 EAT 2026] Starting Stream (Attempt 80)...
[in#0 @ 0x60bc5c6c8fc0] Error opening input: Server returned 4XX Client Error, but not one of 40{0,1,3,4}
Error opening input file http://cf.live79.online/live/59ad8c73feb6/3c0ac8cfe4/1460841.ts.
Error opening input files: Server returned 4XX Client Error, but not one of 40{0,1,3,4}
[Mon Jan 26 14:27:58 EAT 2026] Stream crashed (Exit: 8). Restarting...
[Mon Jan 26 14:28:03 EAT 2026] Starting Stream (Attempt 81)...
[in#0 @ 0x55b352c3ffc0] Error opening input: Server returned 4XX Client Error, but not one of 40{0,1,3,4}
Error opening input file http://cf.live79.online/live/59ad8c73feb6/3c0ac8cfe4/1460841.ts.
Error opening input files: Server returned 4XX Client Error, but not one of 40{0,1,3,4}
[Mon Jan 26 14:28:03 EAT 2026] Stream crashed (Exit: 8). Restarting...
[Mon Jan 26 14:28:08 EAT 2026] Starting Stream (Attempt 82)...
[in#0 @ 0x6364c8f1dfc0] Error opening input: Server returned 4XX Client Error, but not one of 40{0,1,3,4}
Error opening input file http://cf.live79.online/live/59ad8c73feb6/3c0ac8cfe4/1460841.ts.
Error opening input files: Server returned 4XX Client Error, but not one of 40{0,1,3,4}
[Mon Jan 26 14:28:08 EAT 2026] Stream crashed (Exit: 8). Restarting...
[Mon Jan 26 14:28:13 EAT 2026] Starting Stream (Attempt 83)...
[in#0 @ 0x5a7aa614afc0] Error opening input: Server returned 4XX Client Error, but not one of 40{0,1,3,4}
Error opening input file http://cf.live79.online/live/59ad8c73feb6/3c0ac8cfe4/1460841.ts.
Error opening input files: Server returned 4XX Client Error, but not one of 40{0,1,3,4}
[Mon Jan 26 14:28:13 EAT 2026] Stream crashed (Exit: 8). Restarting...
[Mon Jan 26 14:28:18 EAT 2026] Starting Stream (Attempt 84)...
[in#0 @ 0x650f75fddfc0] Error opening input: Server returned 4XX Client Error, but not one of 40{0,1,3,4}
Error opening input file http://cf.live79.online/live/59ad8c73feb6/3c0ac8cfe4/1460841.ts.
Error opening input files: Server returned 4XX Client Error, but not one of 40{0,1,3,4}
[Mon Jan 26 14:28:18 EAT 2026] Stream crashed (Exit: 8). Restarting...
[Mon Jan 26 14:28:23 EAT 2026] Starting Stream (Attempt 85)...
[in#0 @ 0x5add2e5c1fc0] Error opening input: Server returned 4XX Client Error, but not one of 40{0,1,3,4}
Error opening input file http://cf.live79.online/live/59ad8c73feb6/3c0ac8cfe4/1460841.ts.
Error opening input files: Server returned 4XX Client Error, but not one of 40{0,1,3,4}
[Mon Jan 26 14:28:23 EAT 2026] Stream crashed (Exit: 8). Restarting...
[Mon Jan 26 14:28:29 EAT 2026] Starting Stream (Attempt 86)...
[in#0 @ 0x63f754a93fc0] Error opening input: Server returned 4XX Client Error, but not one of 40{0,1,3,4}
Error opening input file http://cf.live79.online/live/59ad8c73feb6/3c0ac8cfe4/1460841.ts.
Error opening input files: Server returned 4XX Client Error, but not one of 40{0,1,3,4}
[Mon Jan 26 14:28:29 EAT 2026] Stream crashed (Exit: 8). Restarting...
[Mon Jan 26 14:28:34 EAT 2026] Starting Stream (Attempt 87)...
[in#0 @ 0x5b557c114fc0] Error opening input: Server returned 4XX Client Error, but not one of 40{0,1,3,4}
Error opening input file http://cf.live79.online/live/59ad8c73feb6/3c0ac8cfe4/1460841.ts.
Error opening input files: Server returned 4XX Client Error, but not one of 40{0,1,3,4}
[Mon Jan 26 14:28:34 EAT 2026] Stream crashed (Exit: 8). Restarting...
[Mon Jan 26 14:28:39 EAT 2026] Starting Stream (Attempt 88)...
[in#0 @ 0x5d952f7f7fc0] Error opening input: Server returned 4XX Client Error, but not one of 40{0,1,3,4}
Error opening input file http://cf.live79.online/live/59ad8c73feb6/3c0ac8cfe4/1460841.ts.
Error opening input files: Server returned 4XX Client Error, but not one of 40{0,1,3,4}
[Mon Jan 26 14:28:39 EAT 2026] Stream crashed (Exit: 8). Restarting...
[Mon Jan 26 14:28:44 EAT 2026] Starting Stream (Attempt 89)...
[in#0 @ 0x5a7f2ea9dfc0] Error opening input: Server returned 4XX Client Error, but not one of 40{0,1,3,4}
Error opening input file http://cf.live79.online/live/59ad8c73feb6/3c0ac8cfe4/1460841.ts.
Error opening input files: Server returned 4XX Client Error, but not one of 40{0,1,3,4}
[Mon Jan 26 14:28:44 EAT 2026] Stream crashed (Exit: 8). Restarting...
[Mon Jan 26 14:28:49 EAT 2026] Starting Stream (Attempt 90)...
[in#0 @ 0x64dd18a7ffc0] Error opening input: Server returned 4XX Client Error, but not one of 40{0,1,3,4}
Error opening input file http://cf.live79.online/live/59ad8c73feb6/3c0ac8cfe4/1460841.ts.
Error opening input files: Server returned 4XX Client Error, but not one of 40{0,1,3,4}
[Mon Jan 26 14:28:49 EAT 2026] Stream crashed (Exit: 8). Restarting...
[Mon Jan 26 14:28:54 EAT 2026] Starting Stream (Attempt 91)...
[in#0 @ 0x5d5a40bccfc0] Error opening input: Server returned 4XX Client Error, but not one of 40{0,1,3,4}
Error opening input file http://cf.live79.online/live/59ad8c73feb6/3c0ac8cfe4/1460841.ts.
Error opening input files: Server returned 4XX Client Error, but not one of 40{0,1,3,4}
[Mon Jan 26 14:28:54 EAT 2026] Stream crashed (Exit: 8). Restarting...
[Mon Jan 26 14:28:59 EAT 2026] Starting Stream (Attempt 92)...
[in#0 @ 0x5f6cfcf4afc0] Error opening input: Server returned 4XX Client Error, but not one of 40{0,1,3,4}
Error opening input file http://cf.live79.online/live/59ad8c73feb6/3c0ac8cfe4/1460841.ts.
Error opening input files: Server returned 4XX Client Error, but not one of 40{0,1,3,4}
[Mon Jan 26 14:28:59 EAT 2026] Stream crashed (Exit: 8). Restarting...
[Mon Jan 26 14:29:04 EAT 2026] Starting Stream (Attempt 93)...
[in#0 @ 0x628c38d63fc0] Error opening input: Server returned 4XX Client Error, but not one of 40{0,1,3,4}
Error opening input file http://cf.live79.online/live/59ad8c73feb6/3c0ac8cfe4/1460841.ts.
Error opening input files: Server returned 4XX Client Error, but not one of 40{0,1,3,4}
[Mon Jan 26 14:29:04 EAT 2026] Stream crashed (Exit: 8). Restarting...
[Mon Jan 26 14:29:09 EAT 2026] Starting Stream (Attempt 94)...
[in#0 @ 0x63a8b5c95fc0] Error opening input: Server returned 4XX Client Error, but not one of 40{0,1,3,4}
Error opening input file http://cf.live79.online/live/59ad8c73feb6/3c0ac8cfe4/1460841.ts.
Error opening input files: Server returned 4XX Client Error, but not one of 40{0,1,3,4}
[Mon Jan 26 14:29:09 EAT 2026] Stream crashed (Exit: 8). Restarting...
[Mon Jan 26 14:29:14 EAT 2026] Starting Stream (Attempt 95)...
[in#0 @ 0x55580fe8bfc0] Error opening input: Server returned 4XX Client Error, but not one of 40{0,1,3,4}
Error opening input file http://cf.live79.online/live/59ad8c73feb6/3c0ac8cfe4/1460841.ts.
Error opening input files: Server returned 4XX Client Error, but not one of 40{0,1,3,4}
[Mon Jan 26 14:29:15 EAT 2026] Stream crashed (Exit: 8). Restarting...
[Mon Jan 26 14:29:20 EAT 2026] Starting Stream (Attempt 96)...
[in#0 @ 0x607ed1efffc0] Error opening input: Server returned 4XX Client Error, but not one of 40{0,1,3,4}
Error opening input file http://cf.live79.online/live/59ad8c73feb6/3c0ac8cfe4/1460841.ts.
Error opening input files: Server returned 4XX Client Error, but not one of 40{0,1,3,4}
[Mon Jan 26 14:29:20 EAT 2026] Stream crashed (Exit: 8). Restarting...
[Mon Jan 26 14:29:25 EAT 2026] Starting Stream (Attempt 97)...
[in#0 @ 0x5d3bc3d4dfc0] Error opening input: Server returned 4XX Client Error, but not one of 40{0,1,3,4}
Error opening input file http://cf.live79.online/live/59ad8c73feb6/3c0ac8cfe4/1460841.ts.
Error opening input files: Server returned 4XX Client Error, but not one of 40{0,1,3,4}
[Mon Jan 26 14:29:25 EAT 2026] Stream crashed (Exit: 8). Restarting...
[Mon Jan 26 14:29:30 EAT 2026] Starting Stream (Attempt 98)...
[in#0 @ 0x631a72951fc0] Error opening input: Server returned 4XX Client Error, but not one of 40{0,1,3,4}
Error opening input file http://cf.live79.online/live/59ad8c73feb6/3c0ac8cfe4/1460841.ts.
Error opening input files: Server returned 4XX Client Error, but not one of 40{0,1,3,4}
[Mon Jan 26 14:29:30 EAT 2026] Stream crashed (Exit: 8). Restarting...
[Mon Jan 26 14:29:35 EAT 2026] Starting Stream (Attempt 99)...
[in#0 @ 0x63f2235e5fc0] Error opening input: Server returned 4XX Client Error, but not one of 40{0,1,3,4}
Error opening input file http://cf.live79.online/live/59ad8c73feb6/3c0ac8cfe4/1460841.ts.
Error opening input files: Server returned 4XX Client Error, but not one of 40{0,1,3,4}
[Mon Jan 26 14:29:35 EAT 2026] Stream crashed (Exit: 8). Restarting...
[Mon Jan 26 14:29:40 EAT 2026] Starting Stream (Attempt 100)...
[in#0 @ 0x5d205774cfc0] Error opening input: Server returned 4XX Client Error, but not one of 40{0,1,3,4}
Error opening input file http://cf.live79.online/live/59ad8c73feb6/3c0ac8cfe4/1460841.ts.
Error opening input files: Server returned 4XX Client Error, but not one of 40{0,1,3,4}
[Mon Jan 26 14:29:40 EAT 2026] Stream crashed (Exit: 8). Restarting...
[Mon Jan 26 14:29:45 EAT 2026] Starting Stream (Attempt 101)...
[in#0 @ 0x5f17dffecfc0] Error opening input: Server returned 4XX Client Error, but not one of 40{0,1,3,4}
Error opening input file http://cf.live79.online/live/59ad8c73feb6/3c0ac8cfe4/1460841.ts.
Error opening input files: Server returned 4XX Client Error, but not one of 40{0,1,3,4}
[Mon Jan 26 14:29:45 EAT 2026] Stream crashed (Exit: 8). Restarting...
[Mon Jan 26 14:29:50 EAT 2026] Starting Stream (Attempt 102)...
[in#0 @ 0x56d5a1225fc0] Error opening input: Server returned 4XX Client Error, but not one of 40{0,1,3,4}
Error opening input file http://cf.live79.online/live/59ad8c73feb6/3c0ac8cfe4/1460841.ts.
Error opening input files: Server returned 4XX Client Error, but not one of 40{0,1,3,4}
[Mon Jan 26 14:29:50 EAT 2026] Stream crashed (Exit: 8). Restarting...
[Mon Jan 26 14:29:55 EAT 2026] Starting Stream (Attempt 103)...
[in#0 @ 0x55a5bc060fc0] Error opening input: Server returned 4XX Client Error, but not one of 40{0,1,3,4}
Error opening input file http://cf.live79.online/live/59ad8c73feb6/3c0ac8cfe4/1460841.ts.
Error opening input files: Server returned 4XX Client Error, but not one of 40{0,1,3,4}
[Mon Jan 26 14:29:55 EAT 2026] Stream crashed (Exit: 8). Restarting...
[Mon Jan 26 14:30:00 EAT 2026] Starting Stream (Attempt 104)...
[in#0 @ 0x62838b2f0fc0] Error opening input: Server returned 4XX Client Error, but not one of 40{0,1,3,4}
Error opening input file http://cf.live79.online/live/59ad8c73feb6/3c0ac8cfe4/1460841.ts.
Error opening input files: Server returned 4XX Client Error, but not one of 40{0,1,3,4}
[Mon Jan 26 14:30:01 EAT 2026] Stream crashed (Exit: 8). Restarting...
[Mon Jan 26 14:30:06 EAT 2026] Starting Stream (Attempt 105)...
[in#0 @ 0x61d931bf7fc0] Error opening input: Server returned 4XX Client Error, but not one of 40{0,1,3,4}
Error opening input file http://cf.live79.online/live/59ad8c73feb6/3c0ac8cfe4/1460841.ts.
Error opening input files: Server returned 4XX Client Error, but not one of 40{0,1,3,4}
[Mon Jan 26 14:30:06 EAT 2026] Stream crashed (Exit: 8). Restarting...
[Mon Jan 26 14:30:11 EAT 2026] Starting Stream (Attempt 106)...
[in#0 @ 0x60745c087fc0] Error opening input: Server returned 4XX Client Error, but not one of 40{0,1,3,4}
Error opening input file http://cf.live79.online/live/59ad8c73feb6/3c0ac8cfe4/1460841.ts.
Error opening input files: Server returned 4XX Client Error, but not one of 40{0,1,3,4}
[Mon Jan 26 14:30:11 EAT 2026] Stream crashed (Exit: 8). Restarting...
[Mon Jan 26 14:30:16 EAT 2026] Starting Stream (Attempt 107)...
[in#0 @ 0x652623fd6fc0] Error opening input: Server returned 4XX Client Error, but not one of 40{0,1,3,4}
Error opening input file http://cf.live79.online/live/59ad8c73feb6/3c0ac8cfe4/1460841.ts.
Error opening input files: Server returned 4XX Client Error, but not one of 40{0,1,3,4}
[Mon Jan 26 14:30:16 EAT 2026] Stream crashed (Exit: 8). Restarting...
[Mon Jan 26 14:30:21 EAT 2026] Starting Stream (Attempt 108)...
[in#0 @ 0x651831290fc0] Error opening input: Server returned 4XX Client Error, but not one of 40{0,1,3,4}
Error opening input file http://cf.live79.online/live/59ad8c73feb6/3c0ac8cfe4/1460841.ts.
Error opening input files: Server returned 4XX Client Error, but not one of 40{0,1,3,4}
[Mon Jan 26 14:30:21 EAT 2026] Stream crashed (Exit: 8). Restarting...
[Mon Jan 26 14:30:26 EAT 2026] Starting Stream (Attempt 109)...
[in#0 @ 0x5933b2e40fc0] Error opening input: Server returned 4XX Client Error, but not one of 40{0,1,3,4}
Error opening input file http://cf.live79.online/live/59ad8c73feb6/3c0ac8cfe4/1460841.ts.
Error opening input files: Server returned 4XX Client Error, but not one of 40{0,1,3,4}
[Mon Jan 26 14:30:26 EAT 2026] Stream crashed (Exit: 8). Restarting...
[Mon Jan 26 14:30:31 EAT 2026] Starting Stream (Attempt 110)...
[in#0 @ 0x59d8408dffc0] Error opening input: Server returned 4XX Client Error, but not one of 40{0,1,3,4}
Error opening input file http://cf.live79.online/live/59ad8c73feb6/3c0ac8cfe4/1460841.ts.
Error opening input files: Server returned 4XX Client Error, but not one of 40{0,1,3,4}
[Mon Jan 26 14:30:31 EAT 2026] Stream crashed (Exit: 8). Restarting...
[Mon Jan 26 14:30:36 EAT 2026] Starting Stream (Attempt 111)...
[in#0 @ 0x57e147f9efc0] Error opening input: Server returned 4XX Client Error, but not one of 40{0,1,3,4}
Error opening input file http://cf.live79.online/live/59ad8c73feb6/3c0ac8cfe4/1460841.ts.
Error opening input files: Server returned 4XX Client Error, but not one of 40{0,1,3,4}
[Mon Jan 26 14:30:36 EAT 2026] Stream crashed (Exit: 8). Restarting...
[Mon Jan 26 14:30:41 EAT 2026] Starting Stream (Attempt 112)...
[in#0 @ 0x636e1cfc7fc0] Error opening input: Server returned 4XX Client Error, but not one of 40{0,1,3,4}
Error opening input file http://cf.live79.online/live/59ad8c73feb6/3c0ac8cfe4/1460841.ts.
Error opening input files: Server returned 4XX Client Error, but not one of 40{0,1,3,4}
[Mon Jan 26 14:30:41 EAT 2026] Stream crashed (Exit: 8). Restarting...
[Mon Jan 26 14:30:46 EAT 2026] Starting Stream (Attempt 113)...
[in#0 @ 0x64b90dabbfc0] Error opening input: Server returned 4XX Client Error, but not one of 40{0,1,3,4}
Error opening input file http://cf.live79.online/live/59ad8c73feb6/3c0ac8cfe4/1460841.ts.
Error opening input files: Server returned 4XX Client Error, but not one of 40{0,1,3,4}
[Mon Jan 26 14:30:47 EAT 2026] Stream crashed (Exit: 8). Restarting...
[Mon Jan 26 14:30:52 EAT 2026] Starting Stream (Attempt 114)...
[in#0 @ 0x60dcec93afc0] Error opening input: Server returned 4XX Client Error, but not one of 40{0,1,3,4}
Error opening input file http://cf.live79.online/live/59ad8c73feb6/3c0ac8cfe4/1460841.ts.
Error opening input files: Server returned 4XX Client Error, but not one of 40{0,1,3,4}
[Mon Jan 26 14:30:52 EAT 2026] Stream crashed (Exit: 8). Restarting...
[Mon Jan 26 14:30:57 EAT 2026] Starting Stream (Attempt 115)...
[in#0 @ 0x642dd5958fc0] Error opening input: Server returned 4XX Client Error, but not one of 40{0,1,3,4}
Error opening input file http://cf.live79.online/live/59ad8c73feb6/3c0ac8cfe4/1460841.ts.
Error opening input files: Server returned 4XX Client Error, but not one of 40{0,1,3,4}
[Mon Jan 26 14:30:57 EAT 2026] Stream crashed (Exit: 8). Restarting...
[Mon Jan 26 14:31:02 EAT 2026] Starting Stream (Attempt 116)...
[in#0 @ 0x650e13d8bfc0] Error opening input: Server returned 4XX Client Error, but not one of 40{0,1,3,4}
Error opening input file http://cf.live79.online/live/59ad8c73feb6/3c0ac8cfe4/1460841.ts.
Error opening input files: Server returned 4XX Client Error, but not one of 40{0,1,3,4}
[Mon Jan 26 14:31:02 EAT 2026] Stream crashed (Exit: 8). Restarting...
[Mon Jan 26 14:31:07 EAT 2026] Starting Stream (Attempt 117)...
[in#0 @ 0x6456fe1a1fc0] Error opening input: Server returned 4XX Client Error, but not one of 40{0,1,3,4}
Error opening input file http://cf.live79.online/live/59ad8c73feb6/3c0ac8cfe4/1460841.ts.
Error opening input files: Server returned 4XX Client Error, but not one of 40{0,1,3,4}
[Mon Jan 26 14:31:07 EAT 2026] Stream crashed (Exit: 8). Restarting...
[Mon Jan 26 14:31:12 EAT 2026] Starting Stream (Attempt 118)...
[in#0 @ 0x623305847fc0] Error opening input: Server returned 4XX Client Error, but not one of 40{0,1,3,4}
Error opening input file http://cf.live79.online/live/59ad8c73feb6/3c0ac8cfe4/1460841.ts.
Error opening input files: Server returned 4XX Client Error, but not one of 40{0,1,3,4}
[Mon Jan 26 14:31:13 EAT 2026] Stream crashed (Exit: 8). Restarting...
[Mon Jan 26 14:31:18 EAT 2026] Starting Stream (Attempt 119)...
[in#0 @ 0x5a31e70f5fc0] Error opening input: Server returned 4XX Client Error, but not one of 40{0,1,3,4}
Error opening input file http://cf.live79.online/live/59ad8c73feb6/3c0ac8cfe4/1460841.ts.
Error opening input files: Server returned 4XX Client Error, but not one of 40{0,1,3,4}
[Mon Jan 26 14:31:18 EAT 2026] Stream crashed (Exit: 8). Restarting...
[Mon Jan 26 14:31:23 EAT 2026] Starting Stream (Attempt 120)...
[in#0 @ 0x5714085adfc0] Error opening input: Server returned 4XX Client Error, but not one of 40{0,1,3,4}
Error opening input file http://cf.live79.online/live/59ad8c73feb6/3c0ac8cfe4/1460841.ts.
Error opening input files: Server returned 4XX Client Error, but not one of 40{0,1,3,4}
[Mon Jan 26 14:31:23 EAT 2026] Stream crashed (Exit: 8). Restarting...
[Mon Jan 26 14:31:28 EAT 2026] Starting Stream (Attempt 121)...
[in#0 @ 0x5b5ef5544fc0] Error opening input: Server returned 4XX Client Error, but not one of 40{0,1,3,4}
Error opening input file http://cf.live79.online/live/59ad8c73feb6/3c0ac8cfe4/1460841.ts.
Error opening input files: Server returned 4XX Client Error, but not one of 40{0,1,3,4}
[Mon Jan 26 14:31:28 EAT 2026] Stream crashed (Exit: 8). Restarting...
[Mon Jan 26 14:31:33 EAT 2026] Starting Stream (Attempt 122)...
[in#0 @ 0x63c578389fc0] Error opening input: Server returned 4XX Client Error, but not one of 40{0,1,3,4}
Error opening input file http://cf.live79.online/live/59ad8c73feb6/3c0ac8cfe4/1460841.ts.
Error opening input files: Server returned 4XX Client Error, but not one of 40{0,1,3,4}
[Mon Jan 26 14:31:33 EAT 2026] Stream crashed (Exit: 8). Restarting...
[Mon Jan 26 14:31:38 EAT 2026] Starting Stream (Attempt 123)...
[in#0 @ 0x5dce92e57fc0] Error opening input: Server returned 4XX Client Error, but not one of 40{0,1,3,4}
Error opening input file http://cf.live79.online/live/59ad8c73feb6/3c0ac8cfe4/1460841.ts.
Error opening input files: Server returned 4XX Client Error, but not one of 40{0,1,3,4}
[Mon Jan 26 14:31:38 EAT 2026] Stream crashed (Exit: 8). Restarting...
[Mon Jan 26 14:31:43 EAT 2026] Starting Stream (Attempt 124)...
[in#0 @ 0x60e30a301fc0] Error opening input: Server returned 4XX Client Error, but not one of 40{0,1,3,4}
Error opening input file http://cf.live79.online/live/59ad8c73feb6/3c0ac8cfe4/1460841.ts.
Error opening input files: Server returned 4XX Client Error, but not one of 40{0,1,3,4}
[Mon Jan 26 14:31:43 EAT 2026] Stream crashed (Exit: 8). Restarting...
[Mon Jan 26 14:31:48 EAT 2026] Starting Stream (Attempt 125)...
[in#0 @ 0x5ab11cf2afc0] Error opening input: Server returned 4XX Client Error, but not one of 40{0,1,3,4}
Error opening input file http://cf.live79.online/live/59ad8c73feb6/3c0ac8cfe4/1460841.ts.
Error opening input files: Server returned 4XX Client Error, but not one of 40{0,1,3,4}
[Mon Jan 26 14:31:48 EAT 2026] Stream crashed (Exit: 8). Restarting...
[Mon Jan 26 14:31:53 EAT 2026] Starting Stream (Attempt 126)...
[in#0 @ 0x62f7b4a40fc0] Error opening input: Server returned 4XX Client Error, but not one of 40{0,1,3,4}
Error opening input file http://cf.live79.online/live/59ad8c73feb6/3c0ac8cfe4/1460841.ts.
Error opening input files: Server returned 4XX Client Error, but not one of 40{0,1,3,4}
[Mon Jan 26 14:31:53 EAT 2026] Stream crashed (Exit: 8). Restarting...
[Mon Jan 26 14:31:58 EAT 2026] Starting Stream (Attempt 127)...
[in#0 @ 0x60cdc81ebfc0] Error opening input: Server returned 4XX Client Error, but not one of 40{0,1,3,4}
Error opening input file http://cf.live79.online/live/59ad8c73feb6/3c0ac8cfe4/1460841.ts.
Error opening input files: Server returned 4XX Client Error, but not one of 40{0,1,3,4}
[Mon Jan 26 14:31:59 EAT 2026] Stream crashed (Exit: 8). Restarting...
[Mon Jan 26 14:32:04 EAT 2026] Starting Stream (Attempt 128)...
[in#0 @ 0x559c514e2fc0] Error opening input: Server returned 4XX Client Error, but not one of 40{0,1,3,4}
Error opening input file http://cf.live79.online/live/59ad8c73feb6/3c0ac8cfe4/1460841.ts.
Error opening input files: Server returned 4XX Client Error, but not one of 40{0,1,3,4}
[Mon Jan 26 14:32:04 EAT 2026] Stream crashed (Exit: 8). Restarting...
[Mon Jan 26 14:32:09 EAT 2026] Starting Stream (Attempt 129)...
[in#0 @ 0x5f3a25279fc0] Error opening input: Server returned 4XX Client Error, but not one of 40{0,1,3,4}
Error opening input file http://cf.live79.online/live/59ad8c73feb6/3c0ac8cfe4/1460841.ts.
Error opening input files: Server returned 4XX Client Error, but not one of 40{0,1,3,4}
[Mon Jan 26 14:32:09 EAT 2026] Stream crashed (Exit: 8). Restarting...
[Mon Jan 26 14:32:14 EAT 2026] Starting Stream (Attempt 130)...
[in#0 @ 0x555b22e1efc0] Error opening input: Server returned 4XX Client Error, but not one of 40{0,1,3,4}
Error opening input file http://cf.live79.online/live/59ad8c73feb6/3c0ac8cfe4/1460841.ts.
Error opening input files: Server returned 4XX Client Error, but not one of 40{0,1,3,4}
[Mon Jan 26 14:32:14 EAT 2026] Stream crashed (Exit: 8). Restarting...
[Mon Jan 26 14:32:19 EAT 2026] Starting Stream (Attempt 131)...
[in#0 @ 0x63f323f4bfc0] Error opening input: Server returned 4XX Client Error, but not one of 40{0,1,3,4}
Error opening input file http://cf.live79.online/live/59ad8c73feb6/3c0ac8cfe4/1460841.ts.
Error opening input files: Server returned 4XX Client Error, but not one of 40{0,1,3,4}
[Mon Jan 26 14:32:19 EAT 2026] Stream crashed (Exit: 8). Restarting...
[Mon Jan 26 14:32:24 EAT 2026] Starting Stream (Attempt 132)...
[in#0 @ 0x56ea46129fc0] Error opening input: Server returned 4XX Client Error, but not one of 40{0,1,3,4}
Error opening input file http://cf.live79.online/live/59ad8c73feb6/3c0ac8cfe4/1460841.ts.
Error opening input files: Server returned 4XX Client Error, but not one of 40{0,1,3,4}
[Mon Jan 26 14:32:24 EAT 2026] Stream crashed (Exit: 8). Restarting...
[Mon Jan 26 14:32:29 EAT 2026] Starting Stream (Attempt 133)...
[in#0 @ 0x5b26210cafc0] Error opening input: Server returned 4XX Client Error, but not one of 40{0,1,3,4}
Error opening input file http://cf.live79.online/live/59ad8c73feb6/3c0ac8cfe4/1460841.ts.
Error opening input files: Server returned 4XX Client Error, but not one of 40{0,1,3,4}
[Mon Jan 26 14:32:29 EAT 2026] Stream crashed (Exit: 8). Restarting...
[Mon Jan 26 14:32:34 EAT 2026] Starting Stream (Attempt 134)...
[in#0 @ 0x5e189a7fbfc0] Error opening input: Server returned 4XX Client Error, but not one of 40{0,1,3,4}
Error opening input file http://cf.live79.online/live/59ad8c73feb6/3c0ac8cfe4/1460841.ts.
Error opening input files: Server returned 4XX Client Error, but not one of 40{0,1,3,4}
[Mon Jan 26 14:32:34 EAT 2026] Stream crashed (Exit: 8). Restarting...
