[Mon Jan 26 14:45:24 EAT 2026] Starting Stream (Attempt 1)...
[in#0 @ 0x624f9a6eafc0] Error opening input: Server returned 4XX Client Error, but not one of 40{0,1,3,4}
Error opening input file http://cf.live78.online/live/59ad8c73feb6/3c0ac8cfe4/36196.ts.
Error opening input files: Server returned 4XX Client Error, but not one of 40{0,1,3,4}
[Mon Jan 26 14:45:24 EAT 2026] Stream crashed (Exit: 8). Restarting...
[Mon Jan 26 14:45:29 EAT 2026] Starting Stream (Attempt 2)...
[in#0 @ 0x5a84992dcfc0] Error opening input: Server returned 4XX Client Error, but not one of 40{0,1,3,4}
Error opening input file http://cf.live78.online/live/59ad8c73feb6/3c0ac8cfe4/36196.ts.
Error opening input files: Server returned 4XX Client Error, but not one of 40{0,1,3,4}
[Mon Jan 26 14:45:29 EAT 2026] Stream crashed (Exit: 8). Restarting...
[Mon Jan 26 14:45:34 EAT 2026] Starting Stream (Attempt 3)...
[in#0 @ 0x5c51e8bb4fc0] Error opening input: Server returned 4XX Client Error, but not one of 40{0,1,3,4}
Error opening input file http://cf.live78.online/live/59ad8c73feb6/3c0ac8cfe4/36196.ts.
Error opening input files: Server returned 4XX Client Error, but not one of 40{0,1,3,4}
[Mon Jan 26 14:45:34 EAT 2026] Stream crashed (Exit: 8). Restarting...
[Mon Jan 26 14:45:39 EAT 2026] Starting Stream (Attempt 4)...
[in#0 @ 0x5fe60d336fc0] Error opening input: Server returned 4XX Client Error, but not one of 40{0,1,3,4}
Error opening input file http://cf.live78.online/live/59ad8c73feb6/3c0ac8cfe4/36196.ts.
Error opening input files: Server returned 4XX Client Error, but not one of 40{0,1,3,4}
[Mon Jan 26 14:45:40 EAT 2026] Stream crashed (Exit: 8). Restarting...
[Mon Jan 26 14:45:45 EAT 2026] Starting Stream (Attempt 5)...
[in#0 @ 0x602db9317fc0] Error opening input: Server returned 4XX Client Error, but not one of 40{0,1,3,4}
Error opening input file http://cf.live78.online/live/59ad8c73feb6/3c0ac8cfe4/36196.ts.
Error opening input files: Server returned 4XX Client Error, but not one of 40{0,1,3,4}
[Mon Jan 26 14:45:45 EAT 2026] Stream crashed (Exit: 8). Restarting...
[Mon Jan 26 14:45:50 EAT 2026] Starting Stream (Attempt 6)...
[in#0 @ 0x5d3c4d000fc0] Error opening input: Server returned 4XX Client Error, but not one of 40{0,1,3,4}
Error opening input file http://cf.live78.online/live/59ad8c73feb6/3c0ac8cfe4/36196.ts.
Error opening input files: Server returned 4XX Client Error, but not one of 40{0,1,3,4}
[Mon Jan 26 14:45:50 EAT 2026] Stream crashed (Exit: 8). Restarting...
[Mon Jan 26 14:45:55 EAT 2026] Starting Stream (Attempt 7)...
[in#0 @ 0x61d111714fc0] Error opening input: Server returned 4XX Client Error, but not one of 40{0,1,3,4}
Error opening input file http://cf.live78.online/live/59ad8c73feb6/3c0ac8cfe4/36196.ts.
Error opening input files: Server returned 4XX Client Error, but not one of 40{0,1,3,4}
[Mon Jan 26 14:45:55 EAT 2026] Stream crashed (Exit: 8). Restarting...
[Mon Jan 26 14:46:00 EAT 2026] Starting Stream (Attempt 8)...
[in#0 @ 0x603782731fc0] Error opening input: Server returned 4XX Client Error, but not one of 40{0,1,3,4}
Error opening input file http://cf.live78.online/live/59ad8c73feb6/3c0ac8cfe4/36196.ts.
Error opening input files: Server returned 4XX Client Error, but not one of 40{0,1,3,4}
[Mon Jan 26 14:46:00 EAT 2026] Stream crashed (Exit: 8). Restarting...
[Mon Jan 26 14:46:05 EAT 2026] Starting Stream (Attempt 9)...
[in#0 @ 0x5da7c6769fc0] Error opening input: Server returned 4XX Client Error, but not one of 40{0,1,3,4}
Error opening input file http://cf.live78.online/live/59ad8c73feb6/3c0ac8cfe4/36196.ts.
Error opening input files: Server returned 4XX Client Error, but not one of 40{0,1,3,4}
[Mon Jan 26 14:46:05 EAT 2026] Stream crashed (Exit: 8). Restarting...
[Mon Jan 26 14:46:10 EAT 2026] Starting Stream (Attempt 10)...
[in#0 @ 0x5fe9e9b65fc0] Error opening input: Server returned 4XX Client Error, but not one of 40{0,1,3,4}
Error opening input file http://cf.live78.online/live/59ad8c73feb6/3c0ac8cfe4/36196.ts.
Error opening input files: Server returned 4XX Client Error, but not one of 40{0,1,3,4}
[Mon Jan 26 14:46:10 EAT 2026] Stream crashed (Exit: 8). Restarting...
[Mon Jan 26 14:46:15 EAT 2026] Starting Stream (Attempt 11)...
[in#0 @ 0x55b2dddcffc0] Error opening input: Server returned 4XX Client Error, but not one of 40{0,1,3,4}
Error opening input file http://cf.live78.online/live/59ad8c73feb6/3c0ac8cfe4/36196.ts.
Error opening input files: Server returned 4XX Client Error, but not one of 40{0,1,3,4}
[Mon Jan 26 14:46:15 EAT 2026] Stream crashed (Exit: 8). Restarting...
